DEBUG: 2021-12-12 22:21:49,667 Starting new HTTPS connection (1): api.coronavirus.data.gov.uk:443
DEBUG: 2021-12-12 22:21:49,908 https://api.coronavirus.data.gov.uk:443 "GET /v1/data?filters=areaType%3Dltla%3BareaName%3DExeter%3Bdate%3D2021-12-05&structure=%7B%22date%22%3A%22date%22%2C%22areaName%22%3A%22areaName%22%2C%22areaCode%22%3A%22areaCode%22%2C%22newCasesByPublishDate%22%3A%22newCasesByPublishDate%22%2C%22cumCasesByPublishDate%22%3A%22cumCasesByPublishDate%22%2C%22newDeaths28DaysByDeathDate%22%3A%22newDeaths28DaysByDeathDate%22%2C%22cumDeaths28DaysByDeathDate%22%3A%22cumDeaths28DaysByDeathDate%22%7D&format=json&page=1 HTTP/1.1" 200 None
DEBUG: 2021-12-12 22:21:49,916 Starting new HTTPS connection (1): api.coronavirus.data.gov.uk:443
DEBUG: 2021-12-12 22:21:50,118 https://api.coronavirus.data.gov.uk:443 "GET /v1/data?filters=areaType%3Dltla%3BareaName%3DExeter%3Bdate%3D2021-12-05&structure=%7B%22date%22%3A%22date%22%2C%22areaName%22%3A%22areaName%22%2C%22areaCode%22%3A%22areaCode%22%2C%22newCasesByPublishDate%22%3A%22newCasesByPublishDate%22%2C%22cumCasesByPublishDate%22%3A%22cumCasesByPublishDate%22%2C%22newDeaths28DaysByDeathDate%22%3A%22newDeaths28DaysByDeathDate%22%2C%22cumDeaths28DaysByDeathDate%22%3A%22cumDeaths28DaysByDeathDate%22%7D&format=json&page=2 HTTP/1.1" 204 0
INFO: 2021-12-12 22:21:50,129 Returning the covid infection rates as a dictionary
DEBUG: 2021-12-12 22:21:50,134 Starting new HTTPS connection (1): api.coronavirus.data.gov.uk:443
DEBUG: 2021-12-12 22:21:50,371 https://api.coronavirus.data.gov.uk:443 "GET /v1/data?filters=areaType%3Dnation%3BareaName%3DEngland%3Bdate%3D2021-12-05&structure=%7B%22date%22%3A%22date%22%2C%22areaName%22%3A%22areaName%22%2C%22areaCode%22%3A%22areaCode%22%2C%22newCasesByPublishDate%22%3A%22newCasesByPublishDate%22%2C%22cumCasesByPublishDate%22%3A%22cumCasesByPublishDate%22%2C%22newDeaths28DaysByDeathDate%22%3A%22newDeaths28DaysByDeathDate%22%2C%22cumDeaths28DaysByDeathDate%22%3A%22cumDeaths28DaysByDeathDate%22%7D&format=json&page=1 HTTP/1.1" 200 None
DEBUG: 2021-12-12 22:21:50,381 Starting new HTTPS connection (1): api.coronavirus.data.gov.uk:443
DEBUG: 2021-12-12 22:21:50,618 https://api.coronavirus.data.gov.uk:443 "GET /v1/data?filters=areaType%3Dnation%3BareaName%3DEngland%3Bdate%3D2021-12-05&structure=%7B%22date%22%3A%22date%22%2C%22areaName%22%3A%22areaName%22%2C%22areaCode%22%3A%22areaCode%22%2C%22newCasesByPublishDate%22%3A%22newCasesByPublishDate%22%2C%22cumCasesByPublishDate%22%3A%22cumCasesByPublishDate%22%2C%22newDeaths28DaysByDeathDate%22%3A%22newDeaths28DaysByDeathDate%22%2C%22cumDeaths28DaysByDeathDate%22%3A%22cumDeaths28DaysByDeathDate%22%7D&format=json&page=2 HTTP/1.1" 204 0
INFO: 2021-12-12 22:21:50,626 Returning the covid infection rates as a dictionary
DEBUG: 2021-12-12 22:21:50,641 Starting new HTTPS connection (1): newsapi.org:443
DEBUG: 2021-12-12 22:21:51,108 https://newsapi.org:443 "GET /v2/everything?apiKey=7ae699a798ac44d9b7f3665d19fe621a&q=Covid%20COVID-19%20coronavirus HTTP/1.1" 200 None
INFO: 2021-12-12 22:21:51,117 The news articles were extracted from the API
INFO: 2021-12-12 22:21:51,134  * Running on http://127.0.0.1:5000/ (Press CTRL+C to quit)
DEBUG: 2021-12-12 22:22:10,376 Starting new HTTPS connection (1): api.coronavirus.data.gov.uk:443
DEBUG: 2021-12-12 22:22:10,473 https://api.coronavirus.data.gov.uk:443 "GET /v1/data?filters=areaType%3Dltla%3BareaName%3DExeter%3Bdate%3D2021-12-05&structure=%7B%22date%22%3A%22date%22%2C%22areaName%22%3A%22areaName%22%2C%22areaCode%22%3A%22areaCode%22%2C%22newCasesByPublishDate%22%3A%22newCasesByPublishDate%22%2C%22cumCasesByPublishDate%22%3A%22cumCasesByPublishDate%22%2C%22newDeaths28DaysByDeathDate%22%3A%22newDeaths28DaysByDeathDate%22%2C%22cumDeaths28DaysByDeathDate%22%3A%22cumDeaths28DaysByDeathDate%22%7D&format=json&page=1 HTTP/1.1" 200 None
DEBUG: 2021-12-12 22:22:10,484 Starting new HTTPS connection (1): api.coronavirus.data.gov.uk:443
DEBUG: 2021-12-12 22:22:10,566 https://api.coronavirus.data.gov.uk:443 "GET /v1/data?filters=areaType%3Dltla%3BareaName%3DExeter%3Bdate%3D2021-12-05&structure=%7B%22date%22%3A%22date%22%2C%22areaName%22%3A%22areaName%22%2C%22areaCode%22%3A%22areaCode%22%2C%22newCasesByPublishDate%22%3A%22newCasesByPublishDate%22%2C%22cumCasesByPublishDate%22%3A%22cumCasesByPublishDate%22%2C%22newDeaths28DaysByDeathDate%22%3A%22newDeaths28DaysByDeathDate%22%2C%22cumDeaths28DaysByDeathDate%22%3A%22cumDeaths28DaysByDeathDate%22%7D&format=json&page=2 HTTP/1.1" 204 0
INFO: 2021-12-12 22:22:10,568 Returning the covid infection rates as a dictionary
DEBUG: 2021-12-12 22:22:10,573 Starting new HTTPS connection (1): api.coronavirus.data.gov.uk:443
DEBUG: 2021-12-12 22:22:10,656 https://api.coronavirus.data.gov.uk:443 "GET /v1/data?filters=areaType%3Dnation%3BareaName%3DEngland%3Bdate%3D2021-12-05&structure=%7B%22date%22%3A%22date%22%2C%22areaName%22%3A%22areaName%22%2C%22areaCode%22%3A%22areaCode%22%2C%22newCasesByPublishDate%22%3A%22newCasesByPublishDate%22%2C%22cumCasesByPublishDate%22%3A%22cumCasesByPublishDate%22%2C%22newDeaths28DaysByDeathDate%22%3A%22newDeaths28DaysByDeathDate%22%2C%22cumDeaths28DaysByDeathDate%22%3A%22cumDeaths28DaysByDeathDate%22%7D&format=json&page=1 HTTP/1.1" 200 None
DEBUG: 2021-12-12 22:22:10,674 Starting new HTTPS connection (1): api.coronavirus.data.gov.uk:443
DEBUG: 2021-12-12 22:22:10,764 https://api.coronavirus.data.gov.uk:443 "GET /v1/data?filters=areaType%3Dnation%3BareaName%3DEngland%3Bdate%3D2021-12-05&structure=%7B%22date%22%3A%22date%22%2C%22areaName%22%3A%22areaName%22%2C%22areaCode%22%3A%22areaCode%22%2C%22newCasesByPublishDate%22%3A%22newCasesByPublishDate%22%2C%22cumCasesByPublishDate%22%3A%22cumCasesByPublishDate%22%2C%22newDeaths28DaysByDeathDate%22%3A%22newDeaths28DaysByDeathDate%22%2C%22cumDeaths28DaysByDeathDate%22%3A%22cumDeaths28DaysByDeathDate%22%7D&format=json&page=2 HTTP/1.1" 204 0
INFO: 2021-12-12 22:22:10,771 Returning the covid infection rates as a dictionary
ERROR: 2021-12-12 22:22:10,775 Exception on / [GET]
Traceback (most recent call last):
  File "C:\Users\dimit\AppData\Local\Packages\PythonSoftwareFoundation.Python.3.9_qbz5n2kfra8p0\LocalCache\local-packages\Python39\site-packages\flask\app.py", line 2073, in wsgi_app
    response = self.full_dispatch_request()
  File "C:\Users\dimit\AppData\Local\Packages\PythonSoftwareFoundation.Python.3.9_qbz5n2kfra8p0\LocalCache\local-packages\Python39\site-packages\flask\app.py", line 1518, in full_dispatch_request
    rv = self.handle_user_exception(e)
  File "C:\Users\dimit\AppData\Local\Packages\PythonSoftwareFoundation.Python.3.9_qbz5n2kfra8p0\LocalCache\local-packages\Python39\site-packages\flask\app.py", line 1516, in full_dispatch_request
    rv = self.dispatch_request()
  File "C:\Users\dimit\AppData\Local\Packages\PythonSoftwareFoundation.Python.3.9_qbz5n2kfra8p0\LocalCache\local-packages\Python39\site-packages\flask\app.py", line 1502, in dispatch_request
    return self.ensure_sync(self.view_functions[rule.endpoint])(**req.view_args)
  File "c:\Users\dimit\Desktop\ECM\ECM1400\Covid Dashboard\program\user_interface.py", line 53, in index
    return render_template(
  File "C:\Users\dimit\AppData\Local\Packages\PythonSoftwareFoundation.Python.3.9_qbz5n2kfra8p0\LocalCache\local-packages\Python39\site-packages\flask\templating.py", line 148, in render_template
    ctx.app.jinja_env.get_or_select_template(template_name_or_list),
  File "C:\Users\dimit\AppData\Local\Packages\PythonSoftwareFoundation.Python.3.9_qbz5n2kfra8p0\LocalCache\local-packages\Python39\site-packages\jinja2\environment.py", line 1068, in get_or_select_template
    return self.get_template(template_name_or_list, parent, globals)
  File "C:\Users\dimit\AppData\Local\Packages\PythonSoftwareFoundation.Python.3.9_qbz5n2kfra8p0\LocalCache\local-packages\Python39\site-packages\jinja2\environment.py", line 997, in get_template
    return self._load_template(name, globals)
  File "C:\Users\dimit\AppData\Local\Packages\PythonSoftwareFoundation.Python.3.9_qbz5n2kfra8p0\LocalCache\local-packages\Python39\site-packages\jinja2\environment.py", line 958, in _load_template
    template = self.loader.load(self, name, self.make_globals(globals))
  File "C:\Users\dimit\AppData\Local\Packages\PythonSoftwareFoundation.Python.3.9_qbz5n2kfra8p0\LocalCache\local-packages\Python39\site-packages\jinja2\loaders.py", line 125, in load
    source, filename, uptodate = self.get_source(environment, name)
  File "C:\Users\dimit\AppData\Local\Packages\PythonSoftwareFoundation.Python.3.9_qbz5n2kfra8p0\LocalCache\local-packages\Python39\site-packages\flask\templating.py", line 59, in get_source
    return self._get_source_fast(environment, template)
  File "C:\Users\dimit\AppData\Local\Packages\PythonSoftwareFoundation.Python.3.9_qbz5n2kfra8p0\LocalCache\local-packages\Python39\site-packages\flask\templating.py", line 95, in _get_source_fast
    raise TemplateNotFound(template)
jinja2.exceptions.TemplateNotFound: index.html
INFO: 2021-12-12 22:22:10,787 127.0.0.1 - - [12/Dec/2021 22:22:10] "[35m[1mGET / HTTP/1.1[0m" 500 -
INFO: 2021-12-12 22:22:10,824 127.0.0.1 - - [12/Dec/2021 22:22:10] "[33mGET /favicon.ico HTTP/1.1[0m" 404 -
DEBUG: 2021-12-12 22:23:26,498 Starting new HTTPS connection (1): api.coronavirus.data.gov.uk:443
DEBUG: 2021-12-12 22:23:26,791 https://api.coronavirus.data.gov.uk:443 "GET /v1/data?filters=areaType%3Dltla%3BareaName%3DExeter%3Bdate%3D2021-12-05&structure=%7B%22date%22%3A%22date%22%2C%22areaName%22%3A%22areaName%22%2C%22areaCode%22%3A%22areaCode%22%2C%22newCasesByPublishDate%22%3A%22newCasesByPublishDate%22%2C%22cumCasesByPublishDate%22%3A%22cumCasesByPublishDate%22%2C%22newDeaths28DaysByDeathDate%22%3A%22newDeaths28DaysByDeathDate%22%2C%22cumDeaths28DaysByDeathDate%22%3A%22cumDeaths28DaysByDeathDate%22%7D&format=json&page=1 HTTP/1.1" 200 None
DEBUG: 2021-12-12 22:23:26,799 Starting new HTTPS connection (1): api.coronavirus.data.gov.uk:443
DEBUG: 2021-12-12 22:23:27,068 https://api.coronavirus.data.gov.uk:443 "GET /v1/data?filters=areaType%3Dltla%3BareaName%3DExeter%3Bdate%3D2021-12-05&structure=%7B%22date%22%3A%22date%22%2C%22areaName%22%3A%22areaName%22%2C%22areaCode%22%3A%22areaCode%22%2C%22newCasesByPublishDate%22%3A%22newCasesByPublishDate%22%2C%22cumCasesByPublishDate%22%3A%22cumCasesByPublishDate%22%2C%22newDeaths28DaysByDeathDate%22%3A%22newDeaths28DaysByDeathDate%22%2C%22cumDeaths28DaysByDeathDate%22%3A%22cumDeaths28DaysByDeathDate%22%7D&format=json&page=2 HTTP/1.1" 204 0
INFO: 2021-12-12 22:23:27,075 Returning the covid infection rates as a dictionary
DEBUG: 2021-12-12 22:23:27,080 Starting new HTTPS connection (1): api.coronavirus.data.gov.uk:443
DEBUG: 2021-12-12 22:23:27,275 https://api.coronavirus.data.gov.uk:443 "GET /v1/data?filters=areaType%3Dnation%3BareaName%3DEngland%3Bdate%3D2021-12-05&structure=%7B%22date%22%3A%22date%22%2C%22areaName%22%3A%22areaName%22%2C%22areaCode%22%3A%22areaCode%22%2C%22newCasesByPublishDate%22%3A%22newCasesByPublishDate%22%2C%22cumCasesByPublishDate%22%3A%22cumCasesByPublishDate%22%2C%22newDeaths28DaysByDeathDate%22%3A%22newDeaths28DaysByDeathDate%22%2C%22cumDeaths28DaysByDeathDate%22%3A%22cumDeaths28DaysByDeathDate%22%7D&format=json&page=1 HTTP/1.1" 200 None
DEBUG: 2021-12-12 22:23:27,283 Starting new HTTPS connection (1): api.coronavirus.data.gov.uk:443
DEBUG: 2021-12-12 22:23:27,539 https://api.coronavirus.data.gov.uk:443 "GET /v1/data?filters=areaType%3Dnation%3BareaName%3DEngland%3Bdate%3D2021-12-05&structure=%7B%22date%22%3A%22date%22%2C%22areaName%22%3A%22areaName%22%2C%22areaCode%22%3A%22areaCode%22%2C%22newCasesByPublishDate%22%3A%22newCasesByPublishDate%22%2C%22cumCasesByPublishDate%22%3A%22cumCasesByPublishDate%22%2C%22newDeaths28DaysByDeathDate%22%3A%22newDeaths28DaysByDeathDate%22%2C%22cumDeaths28DaysByDeathDate%22%3A%22cumDeaths28DaysByDeathDate%22%7D&format=json&page=2 HTTP/1.1" 204 0
INFO: 2021-12-12 22:23:27,546 Returning the covid infection rates as a dictionary
DEBUG: 2021-12-12 22:23:27,564 Starting new HTTPS connection (1): newsapi.org:443
DEBUG: 2021-12-12 22:23:27,798 https://newsapi.org:443 "GET /v2/everything?apiKey=7ae699a798ac44d9b7f3665d19fe621a&q=Covid%20COVID-19%20coronavirus HTTP/1.1" 200 None
INFO: 2021-12-12 22:23:27,802 The news articles were extracted from the API
INFO: 2021-12-12 22:23:27,812  * Running on http://127.0.0.1:5000/ (Press CTRL+C to quit)
DEBUG: 2021-12-12 22:23:36,361 Starting new HTTPS connection (1): api.coronavirus.data.gov.uk:443
DEBUG: 2021-12-12 22:23:36,439 https://api.coronavirus.data.gov.uk:443 "GET /v1/data?filters=areaType%3Dltla%3BareaName%3DExeter%3Bdate%3D2021-12-05&structure=%7B%22date%22%3A%22date%22%2C%22areaName%22%3A%22areaName%22%2C%22areaCode%22%3A%22areaCode%22%2C%22newCasesByPublishDate%22%3A%22newCasesByPublishDate%22%2C%22cumCasesByPublishDate%22%3A%22cumCasesByPublishDate%22%2C%22newDeaths28DaysByDeathDate%22%3A%22newDeaths28DaysByDeathDate%22%2C%22cumDeaths28DaysByDeathDate%22%3A%22cumDeaths28DaysByDeathDate%22%7D&format=json&page=1 HTTP/1.1" 200 None
DEBUG: 2021-12-12 22:23:36,449 Starting new HTTPS connection (1): api.coronavirus.data.gov.uk:443
DEBUG: 2021-12-12 22:23:36,519 https://api.coronavirus.data.gov.uk:443 "GET /v1/data?filters=areaType%3Dltla%3BareaName%3DExeter%3Bdate%3D2021-12-05&structure=%7B%22date%22%3A%22date%22%2C%22areaName%22%3A%22areaName%22%2C%22areaCode%22%3A%22areaCode%22%2C%22newCasesByPublishDate%22%3A%22newCasesByPublishDate%22%2C%22cumCasesByPublishDate%22%3A%22cumCasesByPublishDate%22%2C%22newDeaths28DaysByDeathDate%22%3A%22newDeaths28DaysByDeathDate%22%2C%22cumDeaths28DaysByDeathDate%22%3A%22cumDeaths28DaysByDeathDate%22%7D&format=json&page=2 HTTP/1.1" 204 0
INFO: 2021-12-12 22:23:36,521 Returning the covid infection rates as a dictionary
DEBUG: 2021-12-12 22:23:36,527 Starting new HTTPS connection (1): api.coronavirus.data.gov.uk:443
DEBUG: 2021-12-12 22:23:36,612 https://api.coronavirus.data.gov.uk:443 "GET /v1/data?filters=areaType%3Dnation%3BareaName%3DEngland%3Bdate%3D2021-12-05&structure=%7B%22date%22%3A%22date%22%2C%22areaName%22%3A%22areaName%22%2C%22areaCode%22%3A%22areaCode%22%2C%22newCasesByPublishDate%22%3A%22newCasesByPublishDate%22%2C%22cumCasesByPublishDate%22%3A%22cumCasesByPublishDate%22%2C%22newDeaths28DaysByDeathDate%22%3A%22newDeaths28DaysByDeathDate%22%2C%22cumDeaths28DaysByDeathDate%22%3A%22cumDeaths28DaysByDeathDate%22%7D&format=json&page=1 HTTP/1.1" 200 None
DEBUG: 2021-12-12 22:23:36,618 Starting new HTTPS connection (1): api.coronavirus.data.gov.uk:443
DEBUG: 2021-12-12 22:23:36,691 https://api.coronavirus.data.gov.uk:443 "GET /v1/data?filters=areaType%3Dnation%3BareaName%3DEngland%3Bdate%3D2021-12-05&structure=%7B%22date%22%3A%22date%22%2C%22areaName%22%3A%22areaName%22%2C%22areaCode%22%3A%22areaCode%22%2C%22newCasesByPublishDate%22%3A%22newCasesByPublishDate%22%2C%22cumCasesByPublishDate%22%3A%22cumCasesByPublishDate%22%2C%22newDeaths28DaysByDeathDate%22%3A%22newDeaths28DaysByDeathDate%22%2C%22cumDeaths28DaysByDeathDate%22%3A%22cumDeaths28DaysByDeathDate%22%7D&format=json&page=2 HTTP/1.1" 204 0
INFO: 2021-12-12 22:23:36,693 Returning the covid infection rates as a dictionary
ERROR: 2021-12-12 22:23:36,694 Exception on / [GET]
Traceback (most recent call last):
  File "C:\Users\dimit\AppData\Local\Packages\PythonSoftwareFoundation.Python.3.9_qbz5n2kfra8p0\LocalCache\local-packages\Python39\site-packages\flask\app.py", line 2073, in wsgi_app
    response = self.full_dispatch_request()
  File "C:\Users\dimit\AppData\Local\Packages\PythonSoftwareFoundation.Python.3.9_qbz5n2kfra8p0\LocalCache\local-packages\Python39\site-packages\flask\app.py", line 1518, in full_dispatch_request
    rv = self.handle_user_exception(e)
  File "C:\Users\dimit\AppData\Local\Packages\PythonSoftwareFoundation.Python.3.9_qbz5n2kfra8p0\LocalCache\local-packages\Python39\site-packages\flask\app.py", line 1516, in full_dispatch_request
    rv = self.dispatch_request()
  File "C:\Users\dimit\AppData\Local\Packages\PythonSoftwareFoundation.Python.3.9_qbz5n2kfra8p0\LocalCache\local-packages\Python39\site-packages\flask\app.py", line 1502, in dispatch_request
    return self.ensure_sync(self.view_functions[rule.endpoint])(**req.view_args)
  File "c:\Users\dimit\Desktop\ECM\ECM1400\Covid Dashboard\program\user_interface.py", line 53, in index
    return render_template(
  File "C:\Users\dimit\AppData\Local\Packages\PythonSoftwareFoundation.Python.3.9_qbz5n2kfra8p0\LocalCache\local-packages\Python39\site-packages\flask\templating.py", line 148, in render_template
    ctx.app.jinja_env.get_or_select_template(template_name_or_list),
  File "C:\Users\dimit\AppData\Local\Packages\PythonSoftwareFoundation.Python.3.9_qbz5n2kfra8p0\LocalCache\local-packages\Python39\site-packages\jinja2\environment.py", line 1068, in get_or_select_template
    return self.get_template(template_name_or_list, parent, globals)
  File "C:\Users\dimit\AppData\Local\Packages\PythonSoftwareFoundation.Python.3.9_qbz5n2kfra8p0\LocalCache\local-packages\Python39\site-packages\jinja2\environment.py", line 997, in get_template
    return self._load_template(name, globals)
  File "C:\Users\dimit\AppData\Local\Packages\PythonSoftwareFoundation.Python.3.9_qbz5n2kfra8p0\LocalCache\local-packages\Python39\site-packages\jinja2\environment.py", line 958, in _load_template
    template = self.loader.load(self, name, self.make_globals(globals))
  File "C:\Users\dimit\AppData\Local\Packages\PythonSoftwareFoundation.Python.3.9_qbz5n2kfra8p0\LocalCache\local-packages\Python39\site-packages\jinja2\loaders.py", line 125, in load
    source, filename, uptodate = self.get_source(environment, name)
  File "C:\Users\dimit\AppData\Local\Packages\PythonSoftwareFoundation.Python.3.9_qbz5n2kfra8p0\LocalCache\local-packages\Python39\site-packages\flask\templating.py", line 59, in get_source
    return self._get_source_fast(environment, template)
  File "C:\Users\dimit\AppData\Local\Packages\PythonSoftwareFoundation.Python.3.9_qbz5n2kfra8p0\LocalCache\local-packages\Python39\site-packages\flask\templating.py", line 95, in _get_source_fast
    raise TemplateNotFound(template)
jinja2.exceptions.TemplateNotFound: docs	emplatesindex.html
INFO: 2021-12-12 22:23:36,699 127.0.0.1 - - [12/Dec/2021 22:23:36] "[35m[1mGET / HTTP/1.1[0m" 500 -
INFO: 2021-12-12 22:23:36,745 127.0.0.1 - - [12/Dec/2021 22:23:36] "[33mGET /favicon.ico HTTP/1.1[0m" 404 -
DEBUG: 2021-12-13 16:23:53,923 Starting new HTTPS connection (1): api.coronavirus.data.gov.uk:443
DEBUG: 2021-12-13 16:23:54,195 https://api.coronavirus.data.gov.uk:443 "GET /v1/data?filters=areaType%3Dltla%3BareaName%3DExeter%3Bdate%3D2021-12-06&structure=%7B%22date%22%3A%22date%22%2C%22areaName%22%3A%22areaName%22%2C%22areaCode%22%3A%22areaCode%22%2C%22newCasesByPublishDate%22%3A%22newCasesByPublishDate%22%2C%22cumCasesByPublishDate%22%3A%22cumCasesByPublishDate%22%2C%22newDeaths28DaysByDeathDate%22%3A%22newDeaths28DaysByDeathDate%22%2C%22cumDeaths28DaysByDeathDate%22%3A%22cumDeaths28DaysByDeathDate%22%7D&format=json&page=1 HTTP/1.1" 200 None
DEBUG: 2021-12-13 16:23:54,206 Starting new HTTPS connection (1): api.coronavirus.data.gov.uk:443
DEBUG: 2021-12-13 16:23:54,613 https://api.coronavirus.data.gov.uk:443 "GET /v1/data?filters=areaType%3Dltla%3BareaName%3DExeter%3Bdate%3D2021-12-06&structure=%7B%22date%22%3A%22date%22%2C%22areaName%22%3A%22areaName%22%2C%22areaCode%22%3A%22areaCode%22%2C%22newCasesByPublishDate%22%3A%22newCasesByPublishDate%22%2C%22cumCasesByPublishDate%22%3A%22cumCasesByPublishDate%22%2C%22newDeaths28DaysByDeathDate%22%3A%22newDeaths28DaysByDeathDate%22%2C%22cumDeaths28DaysByDeathDate%22%3A%22cumDeaths28DaysByDeathDate%22%7D&format=json&page=2 HTTP/1.1" 204 0
INFO: 2021-12-13 16:23:54,624 Returning the covid infection rates as a dictionary
DEBUG: 2021-12-13 16:23:54,629 Starting new HTTPS connection (1): api.coronavirus.data.gov.uk:443
DEBUG: 2021-12-13 16:23:54,838 https://api.coronavirus.data.gov.uk:443 "GET /v1/data?filters=areaType%3Dnation%3BareaName%3DEngland%3Bdate%3D2021-12-06&structure=%7B%22date%22%3A%22date%22%2C%22areaName%22%3A%22areaName%22%2C%22areaCode%22%3A%22areaCode%22%2C%22newCasesByPublishDate%22%3A%22newCasesByPublishDate%22%2C%22cumCasesByPublishDate%22%3A%22cumCasesByPublishDate%22%2C%22newDeaths28DaysByDeathDate%22%3A%22newDeaths28DaysByDeathDate%22%2C%22cumDeaths28DaysByDeathDate%22%3A%22cumDeaths28DaysByDeathDate%22%7D&format=json&page=1 HTTP/1.1" 200 None
DEBUG: 2021-12-13 16:23:54,848 Starting new HTTPS connection (1): api.coronavirus.data.gov.uk:443
DEBUG: 2021-12-13 16:23:55,050 https://api.coronavirus.data.gov.uk:443 "GET /v1/data?filters=areaType%3Dnation%3BareaName%3DEngland%3Bdate%3D2021-12-06&structure=%7B%22date%22%3A%22date%22%2C%22areaName%22%3A%22areaName%22%2C%22areaCode%22%3A%22areaCode%22%2C%22newCasesByPublishDate%22%3A%22newCasesByPublishDate%22%2C%22cumCasesByPublishDate%22%3A%22cumCasesByPublishDate%22%2C%22newDeaths28DaysByDeathDate%22%3A%22newDeaths28DaysByDeathDate%22%2C%22cumDeaths28DaysByDeathDate%22%3A%22cumDeaths28DaysByDeathDate%22%7D&format=json&page=2 HTTP/1.1" 204 0
INFO: 2021-12-13 16:23:55,052 Returning the covid infection rates as a dictionary
DEBUG: 2021-12-13 16:23:55,065 Starting new HTTPS connection (1): newsapi.org:443
DEBUG: 2021-12-13 16:23:55,489 https://newsapi.org:443 "GET /v2/everything?apiKey=7ae699a798ac44d9b7f3665d19fe621a&q=Covid%20COVID-19%20coronavirus HTTP/1.1" 200 None
INFO: 2021-12-13 16:23:55,491 The news articles were extracted from the API
INFO: 2021-12-13 16:23:55,504  * Running on http://127.0.0.1:5000/ (Press CTRL+C to quit)
DEBUG: 2021-12-13 16:24:00,277 Starting new HTTPS connection (1): api.coronavirus.data.gov.uk:443
DEBUG: 2021-12-13 16:24:00,374 https://api.coronavirus.data.gov.uk:443 "GET /v1/data?filters=areaType%3Dltla%3BareaName%3DExeter%3Bdate%3D2021-12-06&structure=%7B%22date%22%3A%22date%22%2C%22areaName%22%3A%22areaName%22%2C%22areaCode%22%3A%22areaCode%22%2C%22newCasesByPublishDate%22%3A%22newCasesByPublishDate%22%2C%22cumCasesByPublishDate%22%3A%22cumCasesByPublishDate%22%2C%22newDeaths28DaysByDeathDate%22%3A%22newDeaths28DaysByDeathDate%22%2C%22cumDeaths28DaysByDeathDate%22%3A%22cumDeaths28DaysByDeathDate%22%7D&format=json&page=1 HTTP/1.1" 200 None
DEBUG: 2021-12-13 16:24:00,384 Starting new HTTPS connection (1): api.coronavirus.data.gov.uk:443
DEBUG: 2021-12-13 16:24:00,465 https://api.coronavirus.data.gov.uk:443 "GET /v1/data?filters=areaType%3Dltla%3BareaName%3DExeter%3Bdate%3D2021-12-06&structure=%7B%22date%22%3A%22date%22%2C%22areaName%22%3A%22areaName%22%2C%22areaCode%22%3A%22areaCode%22%2C%22newCasesByPublishDate%22%3A%22newCasesByPublishDate%22%2C%22cumCasesByPublishDate%22%3A%22cumCasesByPublishDate%22%2C%22newDeaths28DaysByDeathDate%22%3A%22newDeaths28DaysByDeathDate%22%2C%22cumDeaths28DaysByDeathDate%22%3A%22cumDeaths28DaysByDeathDate%22%7D&format=json&page=2 HTTP/1.1" 204 0
INFO: 2021-12-13 16:24:00,467 Returning the covid infection rates as a dictionary
DEBUG: 2021-12-13 16:24:00,474 Starting new HTTPS connection (1): api.coronavirus.data.gov.uk:443
DEBUG: 2021-12-13 16:24:00,549 https://api.coronavirus.data.gov.uk:443 "GET /v1/data?filters=areaType%3Dnation%3BareaName%3DEngland%3Bdate%3D2021-12-06&structure=%7B%22date%22%3A%22date%22%2C%22areaName%22%3A%22areaName%22%2C%22areaCode%22%3A%22areaCode%22%2C%22newCasesByPublishDate%22%3A%22newCasesByPublishDate%22%2C%22cumCasesByPublishDate%22%3A%22cumCasesByPublishDate%22%2C%22newDeaths28DaysByDeathDate%22%3A%22newDeaths28DaysByDeathDate%22%2C%22cumDeaths28DaysByDeathDate%22%3A%22cumDeaths28DaysByDeathDate%22%7D&format=json&page=1 HTTP/1.1" 200 None
DEBUG: 2021-12-13 16:24:00,556 Starting new HTTPS connection (1): api.coronavirus.data.gov.uk:443
DEBUG: 2021-12-13 16:24:00,629 https://api.coronavirus.data.gov.uk:443 "GET /v1/data?filters=areaType%3Dnation%3BareaName%3DEngland%3Bdate%3D2021-12-06&structure=%7B%22date%22%3A%22date%22%2C%22areaName%22%3A%22areaName%22%2C%22areaCode%22%3A%22areaCode%22%2C%22newCasesByPublishDate%22%3A%22newCasesByPublishDate%22%2C%22cumCasesByPublishDate%22%3A%22cumCasesByPublishDate%22%2C%22newDeaths28DaysByDeathDate%22%3A%22newDeaths28DaysByDeathDate%22%2C%22cumDeaths28DaysByDeathDate%22%3A%22cumDeaths28DaysByDeathDate%22%7D&format=json&page=2 HTTP/1.1" 204 0
INFO: 2021-12-13 16:24:00,631 Returning the covid infection rates as a dictionary
ERROR: 2021-12-13 16:24:00,632 Exception on / [GET]
Traceback (most recent call last):
  File "C:\Users\dimit\AppData\Local\Packages\PythonSoftwareFoundation.Python.3.9_qbz5n2kfra8p0\LocalCache\local-packages\Python39\site-packages\flask\app.py", line 2073, in wsgi_app
    response = self.full_dispatch_request()
  File "C:\Users\dimit\AppData\Local\Packages\PythonSoftwareFoundation.Python.3.9_qbz5n2kfra8p0\LocalCache\local-packages\Python39\site-packages\flask\app.py", line 1518, in full_dispatch_request
    rv = self.handle_user_exception(e)
  File "C:\Users\dimit\AppData\Local\Packages\PythonSoftwareFoundation.Python.3.9_qbz5n2kfra8p0\LocalCache\local-packages\Python39\site-packages\flask\app.py", line 1516, in full_dispatch_request
    rv = self.dispatch_request()
  File "C:\Users\dimit\AppData\Local\Packages\PythonSoftwareFoundation.Python.3.9_qbz5n2kfra8p0\LocalCache\local-packages\Python39\site-packages\flask\app.py", line 1502, in dispatch_request
    return self.ensure_sync(self.view_functions[rule.endpoint])(**req.view_args)
  File "c:\Users\dimit\Desktop\ECM\ECM1400\Covid Dashboard\program\user_interface.py", line 53, in index
    return render_template(
  File "C:\Users\dimit\AppData\Local\Packages\PythonSoftwareFoundation.Python.3.9_qbz5n2kfra8p0\LocalCache\local-packages\Python39\site-packages\flask\templating.py", line 148, in render_template
    ctx.app.jinja_env.get_or_select_template(template_name_or_list),
  File "C:\Users\dimit\AppData\Local\Packages\PythonSoftwareFoundation.Python.3.9_qbz5n2kfra8p0\LocalCache\local-packages\Python39\site-packages\jinja2\environment.py", line 1068, in get_or_select_template
    return self.get_template(template_name_or_list, parent, globals)
  File "C:\Users\dimit\AppData\Local\Packages\PythonSoftwareFoundation.Python.3.9_qbz5n2kfra8p0\LocalCache\local-packages\Python39\site-packages\jinja2\environment.py", line 997, in get_template
    return self._load_template(name, globals)
  File "C:\Users\dimit\AppData\Local\Packages\PythonSoftwareFoundation.Python.3.9_qbz5n2kfra8p0\LocalCache\local-packages\Python39\site-packages\jinja2\environment.py", line 958, in _load_template
    template = self.loader.load(self, name, self.make_globals(globals))
  File "C:\Users\dimit\AppData\Local\Packages\PythonSoftwareFoundation.Python.3.9_qbz5n2kfra8p0\LocalCache\local-packages\Python39\site-packages\jinja2\loaders.py", line 125, in load
    source, filename, uptodate = self.get_source(environment, name)
  File "C:\Users\dimit\AppData\Local\Packages\PythonSoftwareFoundation.Python.3.9_qbz5n2kfra8p0\LocalCache\local-packages\Python39\site-packages\flask\templating.py", line 59, in get_source
    return self._get_source_fast(environment, template)
  File "C:\Users\dimit\AppData\Local\Packages\PythonSoftwareFoundation.Python.3.9_qbz5n2kfra8p0\LocalCache\local-packages\Python39\site-packages\flask\templating.py", line 95, in _get_source_fast
    raise TemplateNotFound(template)
jinja2.exceptions.TemplateNotFound: docs	emplatesindex.html
INFO: 2021-12-13 16:24:00,639 127.0.0.1 - - [13/Dec/2021 16:24:00] "[35m[1mGET / HTTP/1.1[0m" 500 -
DEBUG: 2021-12-13 16:55:43,866 Starting new HTTPS connection (1): api.coronavirus.data.gov.uk:443
DEBUG: 2021-12-13 16:55:44,104 https://api.coronavirus.data.gov.uk:443 "GET /v1/data?filters=areaType%3Dltla%3BareaName%3DExeter%3Bdate%3D2021-12-06&structure=%7B%22date%22%3A%22date%22%2C%22areaName%22%3A%22areaName%22%2C%22areaCode%22%3A%22areaCode%22%2C%22newCasesByPublishDate%22%3A%22newCasesByPublishDate%22%2C%22cumCasesByPublishDate%22%3A%22cumCasesByPublishDate%22%2C%22newDeaths28DaysByDeathDate%22%3A%22newDeaths28DaysByDeathDate%22%2C%22cumDeaths28DaysByDeathDate%22%3A%22cumDeaths28DaysByDeathDate%22%7D&format=json&page=1 HTTP/1.1" 200 None
DEBUG: 2021-12-13 16:55:44,112 Starting new HTTPS connection (1): api.coronavirus.data.gov.uk:443
DEBUG: 2021-12-13 16:55:44,339 https://api.coronavirus.data.gov.uk:443 "GET /v1/data?filters=areaType%3Dltla%3BareaName%3DExeter%3Bdate%3D2021-12-06&structure=%7B%22date%22%3A%22date%22%2C%22areaName%22%3A%22areaName%22%2C%22areaCode%22%3A%22areaCode%22%2C%22newCasesByPublishDate%22%3A%22newCasesByPublishDate%22%2C%22cumCasesByPublishDate%22%3A%22cumCasesByPublishDate%22%2C%22newDeaths28DaysByDeathDate%22%3A%22newDeaths28DaysByDeathDate%22%2C%22cumDeaths28DaysByDeathDate%22%3A%22cumDeaths28DaysByDeathDate%22%7D&format=json&page=2 HTTP/1.1" 204 0
INFO: 2021-12-13 16:55:44,359 Returning the covid infection rates as a dictionary
DEBUG: 2021-12-13 16:55:44,367 Starting new HTTPS connection (1): api.coronavirus.data.gov.uk:443
DEBUG: 2021-12-13 16:55:44,579 https://api.coronavirus.data.gov.uk:443 "GET /v1/data?filters=areaType%3Dnation%3BareaName%3DEngland%3Bdate%3D2021-12-06&structure=%7B%22date%22%3A%22date%22%2C%22areaName%22%3A%22areaName%22%2C%22areaCode%22%3A%22areaCode%22%2C%22newCasesByPublishDate%22%3A%22newCasesByPublishDate%22%2C%22cumCasesByPublishDate%22%3A%22cumCasesByPublishDate%22%2C%22newDeaths28DaysByDeathDate%22%3A%22newDeaths28DaysByDeathDate%22%2C%22cumDeaths28DaysByDeathDate%22%3A%22cumDeaths28DaysByDeathDate%22%7D&format=json&page=1 HTTP/1.1" 200 None
DEBUG: 2021-12-13 16:55:44,588 Starting new HTTPS connection (1): api.coronavirus.data.gov.uk:443
DEBUG: 2021-12-13 16:55:44,765 https://api.coronavirus.data.gov.uk:443 "GET /v1/data?filters=areaType%3Dnation%3BareaName%3DEngland%3Bdate%3D2021-12-06&structure=%7B%22date%22%3A%22date%22%2C%22areaName%22%3A%22areaName%22%2C%22areaCode%22%3A%22areaCode%22%2C%22newCasesByPublishDate%22%3A%22newCasesByPublishDate%22%2C%22cumCasesByPublishDate%22%3A%22cumCasesByPublishDate%22%2C%22newDeaths28DaysByDeathDate%22%3A%22newDeaths28DaysByDeathDate%22%2C%22cumDeaths28DaysByDeathDate%22%3A%22cumDeaths28DaysByDeathDate%22%7D&format=json&page=2 HTTP/1.1" 204 0
INFO: 2021-12-13 16:55:44,769 Returning the covid infection rates as a dictionary
DEBUG: 2021-12-13 16:55:44,779 Starting new HTTPS connection (1): newsapi.org:443
DEBUG: 2021-12-13 16:55:45,090 https://newsapi.org:443 "GET /v2/everything?apiKey=7ae699a798ac44d9b7f3665d19fe621a&q=Covid%20COVID-19%20coronavirus HTTP/1.1" 200 None
INFO: 2021-12-13 16:55:45,098 The news articles were extracted from the API
INFO: 2021-12-13 16:55:45,111  * Running on http://127.0.0.1:5000/ (Press CTRL+C to quit)
DEBUG: 2021-12-13 16:55:52,599 Starting new HTTPS connection (1): api.coronavirus.data.gov.uk:443
DEBUG: 2021-12-13 16:55:52,690 https://api.coronavirus.data.gov.uk:443 "GET /v1/data?filters=areaType%3Dltla%3BareaName%3DExeter%3Bdate%3D2021-12-06&structure=%7B%22date%22%3A%22date%22%2C%22areaName%22%3A%22areaName%22%2C%22areaCode%22%3A%22areaCode%22%2C%22newCasesByPublishDate%22%3A%22newCasesByPublishDate%22%2C%22cumCasesByPublishDate%22%3A%22cumCasesByPublishDate%22%2C%22newDeaths28DaysByDeathDate%22%3A%22newDeaths28DaysByDeathDate%22%2C%22cumDeaths28DaysByDeathDate%22%3A%22cumDeaths28DaysByDeathDate%22%7D&format=json&page=1 HTTP/1.1" 200 None
DEBUG: 2021-12-13 16:55:52,700 Starting new HTTPS connection (1): api.coronavirus.data.gov.uk:443
DEBUG: 2021-12-13 16:55:52,786 https://api.coronavirus.data.gov.uk:443 "GET /v1/data?filters=areaType%3Dltla%3BareaName%3DExeter%3Bdate%3D2021-12-06&structure=%7B%22date%22%3A%22date%22%2C%22areaName%22%3A%22areaName%22%2C%22areaCode%22%3A%22areaCode%22%2C%22newCasesByPublishDate%22%3A%22newCasesByPublishDate%22%2C%22cumCasesByPublishDate%22%3A%22cumCasesByPublishDate%22%2C%22newDeaths28DaysByDeathDate%22%3A%22newDeaths28DaysByDeathDate%22%2C%22cumDeaths28DaysByDeathDate%22%3A%22cumDeaths28DaysByDeathDate%22%7D&format=json&page=2 HTTP/1.1" 204 0
INFO: 2021-12-13 16:55:52,788 Returning the covid infection rates as a dictionary
DEBUG: 2021-12-13 16:55:52,793 Starting new HTTPS connection (1): api.coronavirus.data.gov.uk:443
DEBUG: 2021-12-13 16:55:52,868 https://api.coronavirus.data.gov.uk:443 "GET /v1/data?filters=areaType%3Dnation%3BareaName%3DEngland%3Bdate%3D2021-12-06&structure=%7B%22date%22%3A%22date%22%2C%22areaName%22%3A%22areaName%22%2C%22areaCode%22%3A%22areaCode%22%2C%22newCasesByPublishDate%22%3A%22newCasesByPublishDate%22%2C%22cumCasesByPublishDate%22%3A%22cumCasesByPublishDate%22%2C%22newDeaths28DaysByDeathDate%22%3A%22newDeaths28DaysByDeathDate%22%2C%22cumDeaths28DaysByDeathDate%22%3A%22cumDeaths28DaysByDeathDate%22%7D&format=json&page=1 HTTP/1.1" 200 None
DEBUG: 2021-12-13 16:55:52,875 Starting new HTTPS connection (1): api.coronavirus.data.gov.uk:443
DEBUG: 2021-12-13 16:55:52,944 https://api.coronavirus.data.gov.uk:443 "GET /v1/data?filters=areaType%3Dnation%3BareaName%3DEngland%3Bdate%3D2021-12-06&structure=%7B%22date%22%3A%22date%22%2C%22areaName%22%3A%22areaName%22%2C%22areaCode%22%3A%22areaCode%22%2C%22newCasesByPublishDate%22%3A%22newCasesByPublishDate%22%2C%22cumCasesByPublishDate%22%3A%22cumCasesByPublishDate%22%2C%22newDeaths28DaysByDeathDate%22%3A%22newDeaths28DaysByDeathDate%22%2C%22cumDeaths28DaysByDeathDate%22%3A%22cumDeaths28DaysByDeathDate%22%7D&format=json&page=2 HTTP/1.1" 204 0
INFO: 2021-12-13 16:55:52,946 Returning the covid infection rates as a dictionary
INFO: 2021-12-13 16:55:53,004 127.0.0.1 - - [13/Dec/2021 16:55:53] "GET / HTTP/1.1" 200 -
INFO: 2021-12-13 16:55:53,386 127.0.0.1 - - [13/Dec/2021 16:55:53] "GET /static/images/covid-image.png HTTP/1.1" 200 -
INFO: 2021-12-13 16:55:53,416 127.0.0.1 - - [13/Dec/2021 16:55:53] "[33mGET /static%0Cavico.ico HTTP/1.1[0m" 404 -
DEBUG: 2021-12-13 19:31:41,052 Starting new HTTPS connection (1): api.coronavirus.data.gov.uk:443
DEBUG: 2021-12-13 19:31:41,491 https://api.coronavirus.data.gov.uk:443 "GET /v1/data?filters=areaType%3Dltla%3BareaName%3DExeter%3Bdate%3D2021-12-06&structure=%7B%22date%22%3A%22date%22%2C%22areaName%22%3A%22areaName%22%2C%22areaCode%22%3A%22areaCode%22%2C%22newCasesByPublishDate%22%3A%22newCasesByPublishDate%22%2C%22cumCasesByPublishDate%22%3A%22cumCasesByPublishDate%22%2C%22newDeaths28DaysByDeathDate%22%3A%22newDeaths28DaysByDeathDate%22%2C%22cumDeaths28DaysByDeathDate%22%3A%22cumDeaths28DaysByDeathDate%22%7D&format=json&page=1 HTTP/1.1" 200 None
DEBUG: 2021-12-13 19:31:41,510 Starting new HTTPS connection (1): api.coronavirus.data.gov.uk:443
DEBUG: 2021-12-13 19:31:41,808 https://api.coronavirus.data.gov.uk:443 "GET /v1/data?filters=areaType%3Dltla%3BareaName%3DExeter%3Bdate%3D2021-12-06&structure=%7B%22date%22%3A%22date%22%2C%22areaName%22%3A%22areaName%22%2C%22areaCode%22%3A%22areaCode%22%2C%22newCasesByPublishDate%22%3A%22newCasesByPublishDate%22%2C%22cumCasesByPublishDate%22%3A%22cumCasesByPublishDate%22%2C%22newDeaths28DaysByDeathDate%22%3A%22newDeaths28DaysByDeathDate%22%2C%22cumDeaths28DaysByDeathDate%22%3A%22cumDeaths28DaysByDeathDate%22%7D&format=json&page=2 HTTP/1.1" 204 0
INFO: 2021-12-13 19:31:41,815 Returning the covid infection rates as a dictionary
DEBUG: 2021-12-13 19:31:41,821 Starting new HTTPS connection (1): api.coronavirus.data.gov.uk:443
DEBUG: 2021-12-13 19:31:42,007 https://api.coronavirus.data.gov.uk:443 "GET /v1/data?filters=areaType%3Dnation%3BareaName%3DEngland%3Bdate%3D2021-12-06&structure=%7B%22date%22%3A%22date%22%2C%22areaName%22%3A%22areaName%22%2C%22areaCode%22%3A%22areaCode%22%2C%22newCasesByPublishDate%22%3A%22newCasesByPublishDate%22%2C%22cumCasesByPublishDate%22%3A%22cumCasesByPublishDate%22%2C%22newDeaths28DaysByDeathDate%22%3A%22newDeaths28DaysByDeathDate%22%2C%22cumDeaths28DaysByDeathDate%22%3A%22cumDeaths28DaysByDeathDate%22%7D&format=json&page=1 HTTP/1.1" 200 None
DEBUG: 2021-12-13 19:31:42,015 Starting new HTTPS connection (1): api.coronavirus.data.gov.uk:443
DEBUG: 2021-12-13 19:31:42,283 https://api.coronavirus.data.gov.uk:443 "GET /v1/data?filters=areaType%3Dnation%3BareaName%3DEngland%3Bdate%3D2021-12-06&structure=%7B%22date%22%3A%22date%22%2C%22areaName%22%3A%22areaName%22%2C%22areaCode%22%3A%22areaCode%22%2C%22newCasesByPublishDate%22%3A%22newCasesByPublishDate%22%2C%22cumCasesByPublishDate%22%3A%22cumCasesByPublishDate%22%2C%22newDeaths28DaysByDeathDate%22%3A%22newDeaths28DaysByDeathDate%22%2C%22cumDeaths28DaysByDeathDate%22%3A%22cumDeaths28DaysByDeathDate%22%7D&format=json&page=2 HTTP/1.1" 204 0
INFO: 2021-12-13 19:31:42,285 Returning the covid infection rates as a dictionary
DEBUG: 2021-12-13 19:31:42,307 Starting new HTTPS connection (1): newsapi.org:443
DEBUG: 2021-12-13 19:31:42,716 https://newsapi.org:443 "GET /v2/everything?apiKey=7ae699a798ac44d9b7f3665d19fe621a&q=Covid%20COVID-19%20coronavirus HTTP/1.1" 200 None
INFO: 2021-12-13 19:31:42,722 The news articles were extracted from the API
INFO: 2021-12-13 19:31:42,741  * Running on http://127.0.0.1:5000/ (Press CTRL+C to quit)
DEBUG: 2021-12-13 19:43:57,059 Starting new HTTPS connection (1): api.coronavirus.data.gov.uk:443
DEBUG: 2021-12-13 19:43:57,187 https://api.coronavirus.data.gov.uk:443 "GET /v1/data?filters=areaType%3Dltla%3BareaName%3DExeter%3Bdate%3D2021-12-06&structure=%7B%22date%22%3A%22date%22%2C%22areaName%22%3A%22areaName%22%2C%22areaCode%22%3A%22areaCode%22%2C%22newCasesByPublishDate%22%3A%22newCasesByPublishDate%22%2C%22cumCasesByPublishDate%22%3A%22cumCasesByPublishDate%22%2C%22newDeaths28DaysByDeathDate%22%3A%22newDeaths28DaysByDeathDate%22%2C%22cumDeaths28DaysByDeathDate%22%3A%22cumDeaths28DaysByDeathDate%22%7D&format=json&page=1 HTTP/1.1" 200 None
DEBUG: 2021-12-13 19:43:57,195 Starting new HTTPS connection (1): api.coronavirus.data.gov.uk:443
DEBUG: 2021-12-13 19:43:57,426 https://api.coronavirus.data.gov.uk:443 "GET /v1/data?filters=areaType%3Dltla%3BareaName%3DExeter%3Bdate%3D2021-12-06&structure=%7B%22date%22%3A%22date%22%2C%22areaName%22%3A%22areaName%22%2C%22areaCode%22%3A%22areaCode%22%2C%22newCasesByPublishDate%22%3A%22newCasesByPublishDate%22%2C%22cumCasesByPublishDate%22%3A%22cumCasesByPublishDate%22%2C%22newDeaths28DaysByDeathDate%22%3A%22newDeaths28DaysByDeathDate%22%2C%22cumDeaths28DaysByDeathDate%22%3A%22cumDeaths28DaysByDeathDate%22%7D&format=json&page=2 HTTP/1.1" 204 0
INFO: 2021-12-13 19:43:57,446 Returning the covid infection rates as a dictionary
DEBUG: 2021-12-13 19:43:57,454 Starting new HTTPS connection (1): api.coronavirus.data.gov.uk:443
DEBUG: 2021-12-13 19:43:57,701 https://api.coronavirus.data.gov.uk:443 "GET /v1/data?filters=areaType%3Dnation%3BareaName%3DEngland%3Bdate%3D2021-12-06&structure=%7B%22date%22%3A%22date%22%2C%22areaName%22%3A%22areaName%22%2C%22areaCode%22%3A%22areaCode%22%2C%22newCasesByPublishDate%22%3A%22newCasesByPublishDate%22%2C%22cumCasesByPublishDate%22%3A%22cumCasesByPublishDate%22%2C%22newDeaths28DaysByDeathDate%22%3A%22newDeaths28DaysByDeathDate%22%2C%22cumDeaths28DaysByDeathDate%22%3A%22cumDeaths28DaysByDeathDate%22%7D&format=json&page=1 HTTP/1.1" 200 None
DEBUG: 2021-12-13 19:43:57,708 Starting new HTTPS connection (1): api.coronavirus.data.gov.uk:443
DEBUG: 2021-12-13 19:43:57,870 https://api.coronavirus.data.gov.uk:443 "GET /v1/data?filters=areaType%3Dnation%3BareaName%3DEngland%3Bdate%3D2021-12-06&structure=%7B%22date%22%3A%22date%22%2C%22areaName%22%3A%22areaName%22%2C%22areaCode%22%3A%22areaCode%22%2C%22newCasesByPublishDate%22%3A%22newCasesByPublishDate%22%2C%22cumCasesByPublishDate%22%3A%22cumCasesByPublishDate%22%2C%22newDeaths28DaysByDeathDate%22%3A%22newDeaths28DaysByDeathDate%22%2C%22cumDeaths28DaysByDeathDate%22%3A%22cumDeaths28DaysByDeathDate%22%7D&format=json&page=2 HTTP/1.1" 204 0
INFO: 2021-12-13 19:43:57,872 Returning the covid infection rates as a dictionary
ERROR: 2021-12-13 19:43:57,872 The argumment doesn't match the index required (process_covid_csv_data)
ERROR: 2021-12-13 19:43:57,872 The argumment doesn't match the index required (process_covid_csv_data)
ERROR: 2021-12-13 19:43:57,872 The argumment doesn't match the index required (process_covid_csv_data)
ERROR: 2021-12-13 19:43:57,872 The argumment doesn't match the index required (process_covid_csv_data)
ERROR: 2021-12-13 19:43:57,872 The argumment doesn't match the index required (process_covid_csv_data)
ERROR: 2021-12-13 19:43:57,872 The argumment doesn't match the index required (process_covid_csv_data)
ERROR: 2021-12-13 19:43:57,872 The argumment doesn't match the index required (process_covid_csv_data)
ERROR: 2021-12-13 19:43:57,873 couldn't return data (process_covid_csv_data)
DEBUG: 2021-12-13 19:44:11,897 Starting new HTTPS connection (1): api.coronavirus.data.gov.uk:443
DEBUG: 2021-12-13 19:44:11,985 https://api.coronavirus.data.gov.uk:443 "GET /v1/data?filters=areaType%3Dltla%3BareaName%3DExeter%3Bdate%3D2021-12-06&structure=%7B%22date%22%3A%22date%22%2C%22areaName%22%3A%22areaName%22%2C%22areaCode%22%3A%22areaCode%22%2C%22newCasesByPublishDate%22%3A%22newCasesByPublishDate%22%2C%22cumCasesByPublishDate%22%3A%22cumCasesByPublishDate%22%2C%22newDeaths28DaysByDeathDate%22%3A%22newDeaths28DaysByDeathDate%22%2C%22cumDeaths28DaysByDeathDate%22%3A%22cumDeaths28DaysByDeathDate%22%7D&format=json&page=1 HTTP/1.1" 200 None
DEBUG: 2021-12-13 19:44:11,992 Starting new HTTPS connection (1): api.coronavirus.data.gov.uk:443
DEBUG: 2021-12-13 19:44:12,068 https://api.coronavirus.data.gov.uk:443 "GET /v1/data?filters=areaType%3Dltla%3BareaName%3DExeter%3Bdate%3D2021-12-06&structure=%7B%22date%22%3A%22date%22%2C%22areaName%22%3A%22areaName%22%2C%22areaCode%22%3A%22areaCode%22%2C%22newCasesByPublishDate%22%3A%22newCasesByPublishDate%22%2C%22cumCasesByPublishDate%22%3A%22cumCasesByPublishDate%22%2C%22newDeaths28DaysByDeathDate%22%3A%22newDeaths28DaysByDeathDate%22%2C%22cumDeaths28DaysByDeathDate%22%3A%22cumDeaths28DaysByDeathDate%22%7D&format=json&page=2 HTTP/1.1" 204 0
INFO: 2021-12-13 19:44:12,078 Returning the covid infection rates as a dictionary
DEBUG: 2021-12-13 19:44:12,084 Starting new HTTPS connection (1): api.coronavirus.data.gov.uk:443
DEBUG: 2021-12-13 19:44:12,156 https://api.coronavirus.data.gov.uk:443 "GET /v1/data?filters=areaType%3Dnation%3BareaName%3DEngland%3Bdate%3D2021-12-06&structure=%7B%22date%22%3A%22date%22%2C%22areaName%22%3A%22areaName%22%2C%22areaCode%22%3A%22areaCode%22%2C%22newCasesByPublishDate%22%3A%22newCasesByPublishDate%22%2C%22cumCasesByPublishDate%22%3A%22cumCasesByPublishDate%22%2C%22newDeaths28DaysByDeathDate%22%3A%22newDeaths28DaysByDeathDate%22%2C%22cumDeaths28DaysByDeathDate%22%3A%22cumDeaths28DaysByDeathDate%22%7D&format=json&page=1 HTTP/1.1" 200 None
DEBUG: 2021-12-13 19:44:12,163 Starting new HTTPS connection (1): api.coronavirus.data.gov.uk:443
DEBUG: 2021-12-13 19:44:12,239 https://api.coronavirus.data.gov.uk:443 "GET /v1/data?filters=areaType%3Dnation%3BareaName%3DEngland%3Bdate%3D2021-12-06&structure=%7B%22date%22%3A%22date%22%2C%22areaName%22%3A%22areaName%22%2C%22areaCode%22%3A%22areaCode%22%2C%22newCasesByPublishDate%22%3A%22newCasesByPublishDate%22%2C%22cumCasesByPublishDate%22%3A%22cumCasesByPublishDate%22%2C%22newDeaths28DaysByDeathDate%22%3A%22newDeaths28DaysByDeathDate%22%2C%22cumDeaths28DaysByDeathDate%22%3A%22cumDeaths28DaysByDeathDate%22%7D&format=json&page=2 HTTP/1.1" 204 0
INFO: 2021-12-13 19:44:12,241 Returning the covid infection rates as a dictionary
ERROR: 2021-12-13 19:44:12,241 The argumment doesn't match the index required (process_covid_csv_data)
ERROR: 2021-12-13 19:44:12,241 The argumment doesn't match the index required (process_covid_csv_data)
ERROR: 2021-12-13 19:44:12,241 The argumment doesn't match the index required (process_covid_csv_data)
ERROR: 2021-12-13 19:44:12,242 The argumment doesn't match the index required (process_covid_csv_data)
ERROR: 2021-12-13 19:44:12,242 The argumment doesn't match the index required (process_covid_csv_data)
ERROR: 2021-12-13 19:44:12,242 The argumment doesn't match the index required (process_covid_csv_data)
ERROR: 2021-12-13 19:44:12,242 The argumment doesn't match the index required (process_covid_csv_data)
ERROR: 2021-12-13 19:44:12,242 couldn't return data (process_covid_csv_data)
DEBUG: 2021-12-13 19:46:47,683 Starting new HTTPS connection (1): api.coronavirus.data.gov.uk:443
DEBUG: 2021-12-13 19:46:47,812 https://api.coronavirus.data.gov.uk:443 "GET /v1/data?filters=areaType%3Dltla%3BareaName%3DExeter%3Bdate%3D2021-12-06&structure=%7B%22date%22%3A%22date%22%2C%22areaName%22%3A%22areaName%22%2C%22areaCode%22%3A%22areaCode%22%2C%22newCasesByPublishDate%22%3A%22newCasesByPublishDate%22%2C%22cumCasesByPublishDate%22%3A%22cumCasesByPublishDate%22%2C%22newDeaths28DaysByDeathDate%22%3A%22newDeaths28DaysByDeathDate%22%2C%22cumDeaths28DaysByDeathDate%22%3A%22cumDeaths28DaysByDeathDate%22%7D&format=json&page=1 HTTP/1.1" 200 None
DEBUG: 2021-12-13 19:46:47,820 Starting new HTTPS connection (1): api.coronavirus.data.gov.uk:443
DEBUG: 2021-12-13 19:46:48,028 https://api.coronavirus.data.gov.uk:443 "GET /v1/data?filters=areaType%3Dltla%3BareaName%3DExeter%3Bdate%3D2021-12-06&structure=%7B%22date%22%3A%22date%22%2C%22areaName%22%3A%22areaName%22%2C%22areaCode%22%3A%22areaCode%22%2C%22newCasesByPublishDate%22%3A%22newCasesByPublishDate%22%2C%22cumCasesByPublishDate%22%3A%22cumCasesByPublishDate%22%2C%22newDeaths28DaysByDeathDate%22%3A%22newDeaths28DaysByDeathDate%22%2C%22cumDeaths28DaysByDeathDate%22%3A%22cumDeaths28DaysByDeathDate%22%7D&format=json&page=2 HTTP/1.1" 204 0
INFO: 2021-12-13 19:46:48,038 Returning the covid infection rates as a dictionary
DEBUG: 2021-12-13 19:46:48,043 Starting new HTTPS connection (1): api.coronavirus.data.gov.uk:443
DEBUG: 2021-12-13 19:46:48,123 https://api.coronavirus.data.gov.uk:443 "GET /v1/data?filters=areaType%3Dnation%3BareaName%3DEngland%3Bdate%3D2021-12-06&structure=%7B%22date%22%3A%22date%22%2C%22areaName%22%3A%22areaName%22%2C%22areaCode%22%3A%22areaCode%22%2C%22newCasesByPublishDate%22%3A%22newCasesByPublishDate%22%2C%22cumCasesByPublishDate%22%3A%22cumCasesByPublishDate%22%2C%22newDeaths28DaysByDeathDate%22%3A%22newDeaths28DaysByDeathDate%22%2C%22cumDeaths28DaysByDeathDate%22%3A%22cumDeaths28DaysByDeathDate%22%7D&format=json&page=1 HTTP/1.1" 200 None
DEBUG: 2021-12-13 19:46:48,131 Starting new HTTPS connection (1): api.coronavirus.data.gov.uk:443
DEBUG: 2021-12-13 19:46:48,351 https://api.coronavirus.data.gov.uk:443 "GET /v1/data?filters=areaType%3Dnation%3BareaName%3DEngland%3Bdate%3D2021-12-06&structure=%7B%22date%22%3A%22date%22%2C%22areaName%22%3A%22areaName%22%2C%22areaCode%22%3A%22areaCode%22%2C%22newCasesByPublishDate%22%3A%22newCasesByPublishDate%22%2C%22cumCasesByPublishDate%22%3A%22cumCasesByPublishDate%22%2C%22newDeaths28DaysByDeathDate%22%3A%22newDeaths28DaysByDeathDate%22%2C%22cumDeaths28DaysByDeathDate%22%3A%22cumDeaths28DaysByDeathDate%22%7D&format=json&page=2 HTTP/1.1" 204 0
INFO: 2021-12-13 19:46:48,354 Returning the covid infection rates as a dictionary
INFO: 2021-12-13 19:46:48,355 Taking csv data and returning it
ERROR: 2021-12-13 19:46:48,355 couldn't return data (process_covid_csv_data)
DEBUG: 2021-12-13 19:47:43,091 Starting new HTTPS connection (1): api.coronavirus.data.gov.uk:443
DEBUG: 2021-12-13 19:47:43,245 https://api.coronavirus.data.gov.uk:443 "GET /v1/data?filters=areaType%3Dltla%3BareaName%3DExeter%3Bdate%3D2021-12-06&structure=%7B%22date%22%3A%22date%22%2C%22areaName%22%3A%22areaName%22%2C%22areaCode%22%3A%22areaCode%22%2C%22newCasesByPublishDate%22%3A%22newCasesByPublishDate%22%2C%22cumCasesByPublishDate%22%3A%22cumCasesByPublishDate%22%2C%22newDeaths28DaysByDeathDate%22%3A%22newDeaths28DaysByDeathDate%22%2C%22cumDeaths28DaysByDeathDate%22%3A%22cumDeaths28DaysByDeathDate%22%7D&format=json&page=1 HTTP/1.1" 200 None
DEBUG: 2021-12-13 19:47:43,253 Starting new HTTPS connection (1): api.coronavirus.data.gov.uk:443
DEBUG: 2021-12-13 19:47:43,328 https://api.coronavirus.data.gov.uk:443 "GET /v1/data?filters=areaType%3Dltla%3BareaName%3DExeter%3Bdate%3D2021-12-06&structure=%7B%22date%22%3A%22date%22%2C%22areaName%22%3A%22areaName%22%2C%22areaCode%22%3A%22areaCode%22%2C%22newCasesByPublishDate%22%3A%22newCasesByPublishDate%22%2C%22cumCasesByPublishDate%22%3A%22cumCasesByPublishDate%22%2C%22newDeaths28DaysByDeathDate%22%3A%22newDeaths28DaysByDeathDate%22%2C%22cumDeaths28DaysByDeathDate%22%3A%22cumDeaths28DaysByDeathDate%22%7D&format=json&page=2 HTTP/1.1" 204 0
INFO: 2021-12-13 19:47:43,336 Returning the covid infection rates as a dictionary
DEBUG: 2021-12-13 19:47:43,341 Starting new HTTPS connection (1): api.coronavirus.data.gov.uk:443
DEBUG: 2021-12-13 19:47:43,418 https://api.coronavirus.data.gov.uk:443 "GET /v1/data?filters=areaType%3Dnation%3BareaName%3DEngland%3Bdate%3D2021-12-06&structure=%7B%22date%22%3A%22date%22%2C%22areaName%22%3A%22areaName%22%2C%22areaCode%22%3A%22areaCode%22%2C%22newCasesByPublishDate%22%3A%22newCasesByPublishDate%22%2C%22cumCasesByPublishDate%22%3A%22cumCasesByPublishDate%22%2C%22newDeaths28DaysByDeathDate%22%3A%22newDeaths28DaysByDeathDate%22%2C%22cumDeaths28DaysByDeathDate%22%3A%22cumDeaths28DaysByDeathDate%22%7D&format=json&page=1 HTTP/1.1" 200 None
DEBUG: 2021-12-13 19:47:43,426 Starting new HTTPS connection (1): api.coronavirus.data.gov.uk:443
DEBUG: 2021-12-13 19:47:43,498 https://api.coronavirus.data.gov.uk:443 "GET /v1/data?filters=areaType%3Dnation%3BareaName%3DEngland%3Bdate%3D2021-12-06&structure=%7B%22date%22%3A%22date%22%2C%22areaName%22%3A%22areaName%22%2C%22areaCode%22%3A%22areaCode%22%2C%22newCasesByPublishDate%22%3A%22newCasesByPublishDate%22%2C%22cumCasesByPublishDate%22%3A%22cumCasesByPublishDate%22%2C%22newDeaths28DaysByDeathDate%22%3A%22newDeaths28DaysByDeathDate%22%2C%22cumDeaths28DaysByDeathDate%22%3A%22cumDeaths28DaysByDeathDate%22%7D&format=json&page=2 HTTP/1.1" 204 0
INFO: 2021-12-13 19:47:43,500 Returning the covid infection rates as a dictionary
ERROR: 2021-12-13 19:47:43,500 file not found in directory (parse_csv_data)
ERROR: 2021-12-13 19:47:43,500 There was an error processing the data given as an argument (process_covid_csv_data)
ERROR: 2021-12-13 19:47:43,500 There was an error processing the data given as an argument (process_covid_csv_data)
ERROR: 2021-12-13 19:47:43,500 There was an error processing the data given as an argument (process_covid_csv_data)
ERROR: 2021-12-13 19:47:43,501 There was an error processing the data given as an argument (process_covid_csv_data)
ERROR: 2021-12-13 19:47:43,501 There was an error processing the data given as an argument (process_covid_csv_data)
ERROR: 2021-12-13 19:47:43,501 There was an error processing the data given as an argument (process_covid_csv_data)
ERROR: 2021-12-13 19:47:43,501 There was an error processing the data given as an argument (process_covid_csv_data)
ERROR: 2021-12-13 19:47:43,501 couldn't return data (process_covid_csv_data)
DEBUG: 2021-12-13 19:50:02,555 Starting new HTTPS connection (1): api.coronavirus.data.gov.uk:443
DEBUG: 2021-12-13 19:50:02,931 https://api.coronavirus.data.gov.uk:443 "GET /v1/data?filters=areaType%3Dltla%3BareaName%3DExeter%3Bdate%3D2021-12-06&structure=%7B%22date%22%3A%22date%22%2C%22areaName%22%3A%22areaName%22%2C%22areaCode%22%3A%22areaCode%22%2C%22newCasesByPublishDate%22%3A%22newCasesByPublishDate%22%2C%22cumCasesByPublishDate%22%3A%22cumCasesByPublishDate%22%2C%22newDeaths28DaysByDeathDate%22%3A%22newDeaths28DaysByDeathDate%22%2C%22cumDeaths28DaysByDeathDate%22%3A%22cumDeaths28DaysByDeathDate%22%7D&format=json&page=1 HTTP/1.1" 200 None
DEBUG: 2021-12-13 19:50:02,939 Starting new HTTPS connection (1): api.coronavirus.data.gov.uk:443
DEBUG: 2021-12-13 19:50:03,154 https://api.coronavirus.data.gov.uk:443 "GET /v1/data?filters=areaType%3Dltla%3BareaName%3DExeter%3Bdate%3D2021-12-06&structure=%7B%22date%22%3A%22date%22%2C%22areaName%22%3A%22areaName%22%2C%22areaCode%22%3A%22areaCode%22%2C%22newCasesByPublishDate%22%3A%22newCasesByPublishDate%22%2C%22cumCasesByPublishDate%22%3A%22cumCasesByPublishDate%22%2C%22newDeaths28DaysByDeathDate%22%3A%22newDeaths28DaysByDeathDate%22%2C%22cumDeaths28DaysByDeathDate%22%3A%22cumDeaths28DaysByDeathDate%22%7D&format=json&page=2 HTTP/1.1" 204 0
INFO: 2021-12-13 19:50:03,163 Returning the covid infection rates as a dictionary
DEBUG: 2021-12-13 19:50:03,169 Starting new HTTPS connection (1): api.coronavirus.data.gov.uk:443
DEBUG: 2021-12-13 19:50:03,355 https://api.coronavirus.data.gov.uk:443 "GET /v1/data?filters=areaType%3Dnation%3BareaName%3DEngland%3Bdate%3D2021-12-06&structure=%7B%22date%22%3A%22date%22%2C%22areaName%22%3A%22areaName%22%2C%22areaCode%22%3A%22areaCode%22%2C%22newCasesByPublishDate%22%3A%22newCasesByPublishDate%22%2C%22cumCasesByPublishDate%22%3A%22cumCasesByPublishDate%22%2C%22newDeaths28DaysByDeathDate%22%3A%22newDeaths28DaysByDeathDate%22%2C%22cumDeaths28DaysByDeathDate%22%3A%22cumDeaths28DaysByDeathDate%22%7D&format=json&page=1 HTTP/1.1" 200 None
DEBUG: 2021-12-13 19:50:03,376 Starting new HTTPS connection (1): api.coronavirus.data.gov.uk:443
DEBUG: 2021-12-13 19:50:03,572 https://api.coronavirus.data.gov.uk:443 "GET /v1/data?filters=areaType%3Dnation%3BareaName%3DEngland%3Bdate%3D2021-12-06&structure=%7B%22date%22%3A%22date%22%2C%22areaName%22%3A%22areaName%22%2C%22areaCode%22%3A%22areaCode%22%2C%22newCasesByPublishDate%22%3A%22newCasesByPublishDate%22%2C%22cumCasesByPublishDate%22%3A%22cumCasesByPublishDate%22%2C%22newDeaths28DaysByDeathDate%22%3A%22newDeaths28DaysByDeathDate%22%2C%22cumDeaths28DaysByDeathDate%22%3A%22cumDeaths28DaysByDeathDate%22%7D&format=json&page=2 HTTP/1.1" 204 0
INFO: 2021-12-13 19:50:03,574 Returning the covid infection rates as a dictionary
INFO: 2021-12-13 19:50:03,575 Taking csv data and returning it
ERROR: 2021-12-13 19:50:03,575 couldn't return data (process_covid_csv_data)
DEBUG: 2021-12-13 19:51:18,162 Starting new HTTPS connection (1): api.coronavirus.data.gov.uk:443
DEBUG: 2021-12-13 19:51:18,309 https://api.coronavirus.data.gov.uk:443 "GET /v1/data?filters=areaType%3Dltla%3BareaName%3DExeter%3Bdate%3D2021-12-06&structure=%7B%22date%22%3A%22date%22%2C%22areaName%22%3A%22areaName%22%2C%22areaCode%22%3A%22areaCode%22%2C%22newCasesByPublishDate%22%3A%22newCasesByPublishDate%22%2C%22cumCasesByPublishDate%22%3A%22cumCasesByPublishDate%22%2C%22newDeaths28DaysByDeathDate%22%3A%22newDeaths28DaysByDeathDate%22%2C%22cumDeaths28DaysByDeathDate%22%3A%22cumDeaths28DaysByDeathDate%22%7D&format=json&page=1 HTTP/1.1" 200 None
DEBUG: 2021-12-13 19:51:18,317 Starting new HTTPS connection (1): api.coronavirus.data.gov.uk:443
DEBUG: 2021-12-13 19:51:18,392 https://api.coronavirus.data.gov.uk:443 "GET /v1/data?filters=areaType%3Dltla%3BareaName%3DExeter%3Bdate%3D2021-12-06&structure=%7B%22date%22%3A%22date%22%2C%22areaName%22%3A%22areaName%22%2C%22areaCode%22%3A%22areaCode%22%2C%22newCasesByPublishDate%22%3A%22newCasesByPublishDate%22%2C%22cumCasesByPublishDate%22%3A%22cumCasesByPublishDate%22%2C%22newDeaths28DaysByDeathDate%22%3A%22newDeaths28DaysByDeathDate%22%2C%22cumDeaths28DaysByDeathDate%22%3A%22cumDeaths28DaysByDeathDate%22%7D&format=json&page=2 HTTP/1.1" 204 0
INFO: 2021-12-13 19:51:18,400 Returning the covid infection rates as a dictionary
DEBUG: 2021-12-13 19:51:18,405 Starting new HTTPS connection (1): api.coronavirus.data.gov.uk:443
DEBUG: 2021-12-13 19:51:18,484 https://api.coronavirus.data.gov.uk:443 "GET /v1/data?filters=areaType%3Dnation%3BareaName%3DEngland%3Bdate%3D2021-12-06&structure=%7B%22date%22%3A%22date%22%2C%22areaName%22%3A%22areaName%22%2C%22areaCode%22%3A%22areaCode%22%2C%22newCasesByPublishDate%22%3A%22newCasesByPublishDate%22%2C%22cumCasesByPublishDate%22%3A%22cumCasesByPublishDate%22%2C%22newDeaths28DaysByDeathDate%22%3A%22newDeaths28DaysByDeathDate%22%2C%22cumDeaths28DaysByDeathDate%22%3A%22cumDeaths28DaysByDeathDate%22%7D&format=json&page=1 HTTP/1.1" 200 None
DEBUG: 2021-12-13 19:51:18,492 Starting new HTTPS connection (1): api.coronavirus.data.gov.uk:443
DEBUG: 2021-12-13 19:51:18,567 https://api.coronavirus.data.gov.uk:443 "GET /v1/data?filters=areaType%3Dnation%3BareaName%3DEngland%3Bdate%3D2021-12-06&structure=%7B%22date%22%3A%22date%22%2C%22areaName%22%3A%22areaName%22%2C%22areaCode%22%3A%22areaCode%22%2C%22newCasesByPublishDate%22%3A%22newCasesByPublishDate%22%2C%22cumCasesByPublishDate%22%3A%22cumCasesByPublishDate%22%2C%22newDeaths28DaysByDeathDate%22%3A%22newDeaths28DaysByDeathDate%22%2C%22cumDeaths28DaysByDeathDate%22%3A%22cumDeaths28DaysByDeathDate%22%7D&format=json&page=2 HTTP/1.1" 204 0
INFO: 2021-12-13 19:51:18,569 Returning the covid infection rates as a dictionary
INFO: 2021-12-13 19:51:18,570 Taking csv data and returning it
ERROR: 2021-12-13 19:51:18,571 couldn't return data (process_covid_csv_data)
DEBUG: 2021-12-13 19:52:45,020 Starting new HTTPS connection (1): api.coronavirus.data.gov.uk:443
DEBUG: 2021-12-13 19:52:45,397 https://api.coronavirus.data.gov.uk:443 "GET /v1/data?filters=areaType%3Dltla%3BareaName%3DExeter%3Bdate%3D2021-12-06&structure=%7B%22date%22%3A%22date%22%2C%22areaName%22%3A%22areaName%22%2C%22areaCode%22%3A%22areaCode%22%2C%22newCasesByPublishDate%22%3A%22newCasesByPublishDate%22%2C%22cumCasesByPublishDate%22%3A%22cumCasesByPublishDate%22%2C%22newDeaths28DaysByDeathDate%22%3A%22newDeaths28DaysByDeathDate%22%2C%22cumDeaths28DaysByDeathDate%22%3A%22cumDeaths28DaysByDeathDate%22%7D&format=json&page=1 HTTP/1.1" 200 None
DEBUG: 2021-12-13 19:52:45,407 Starting new HTTPS connection (1): api.coronavirus.data.gov.uk:443
DEBUG: 2021-12-13 19:52:45,611 https://api.coronavirus.data.gov.uk:443 "GET /v1/data?filters=areaType%3Dltla%3BareaName%3DExeter%3Bdate%3D2021-12-06&structure=%7B%22date%22%3A%22date%22%2C%22areaName%22%3A%22areaName%22%2C%22areaCode%22%3A%22areaCode%22%2C%22newCasesByPublishDate%22%3A%22newCasesByPublishDate%22%2C%22cumCasesByPublishDate%22%3A%22cumCasesByPublishDate%22%2C%22newDeaths28DaysByDeathDate%22%3A%22newDeaths28DaysByDeathDate%22%2C%22cumDeaths28DaysByDeathDate%22%3A%22cumDeaths28DaysByDeathDate%22%7D&format=json&page=2 HTTP/1.1" 204 0
INFO: 2021-12-13 19:52:45,622 Returning the covid infection rates as a dictionary
DEBUG: 2021-12-13 19:52:45,627 Starting new HTTPS connection (1): api.coronavirus.data.gov.uk:443
DEBUG: 2021-12-13 19:52:45,705 https://api.coronavirus.data.gov.uk:443 "GET /v1/data?filters=areaType%3Dnation%3BareaName%3DEngland%3Bdate%3D2021-12-06&structure=%7B%22date%22%3A%22date%22%2C%22areaName%22%3A%22areaName%22%2C%22areaCode%22%3A%22areaCode%22%2C%22newCasesByPublishDate%22%3A%22newCasesByPublishDate%22%2C%22cumCasesByPublishDate%22%3A%22cumCasesByPublishDate%22%2C%22newDeaths28DaysByDeathDate%22%3A%22newDeaths28DaysByDeathDate%22%2C%22cumDeaths28DaysByDeathDate%22%3A%22cumDeaths28DaysByDeathDate%22%7D&format=json&page=1 HTTP/1.1" 200 None
DEBUG: 2021-12-13 19:52:45,714 Starting new HTTPS connection (1): api.coronavirus.data.gov.uk:443
DEBUG: 2021-12-13 19:52:45,893 https://api.coronavirus.data.gov.uk:443 "GET /v1/data?filters=areaType%3Dnation%3BareaName%3DEngland%3Bdate%3D2021-12-06&structure=%7B%22date%22%3A%22date%22%2C%22areaName%22%3A%22areaName%22%2C%22areaCode%22%3A%22areaCode%22%2C%22newCasesByPublishDate%22%3A%22newCasesByPublishDate%22%2C%22cumCasesByPublishDate%22%3A%22cumCasesByPublishDate%22%2C%22newDeaths28DaysByDeathDate%22%3A%22newDeaths28DaysByDeathDate%22%2C%22cumDeaths28DaysByDeathDate%22%3A%22cumDeaths28DaysByDeathDate%22%7D&format=json&page=2 HTTP/1.1" 204 0
INFO: 2021-12-13 19:52:45,895 Returning the covid infection rates as a dictionary
INFO: 2021-12-13 19:52:45,903 Taking csv data and returning it
ERROR: 2021-12-13 19:52:45,903 couldn't return data (process_covid_csv_data)
DEBUG: 2021-12-13 19:53:45,616 Starting new HTTPS connection (1): api.coronavirus.data.gov.uk:443
DEBUG: 2021-12-13 19:53:45,758 https://api.coronavirus.data.gov.uk:443 "GET /v1/data?filters=areaType%3Dltla%3BareaName%3DExeter%3Bdate%3D2021-12-06&structure=%7B%22date%22%3A%22date%22%2C%22areaName%22%3A%22areaName%22%2C%22areaCode%22%3A%22areaCode%22%2C%22newCasesByPublishDate%22%3A%22newCasesByPublishDate%22%2C%22cumCasesByPublishDate%22%3A%22cumCasesByPublishDate%22%2C%22newDeaths28DaysByDeathDate%22%3A%22newDeaths28DaysByDeathDate%22%2C%22cumDeaths28DaysByDeathDate%22%3A%22cumDeaths28DaysByDeathDate%22%7D&format=json&page=1 HTTP/1.1" 200 None
DEBUG: 2021-12-13 19:53:45,766 Starting new HTTPS connection (1): api.coronavirus.data.gov.uk:443
DEBUG: 2021-12-13 19:53:45,839 https://api.coronavirus.data.gov.uk:443 "GET /v1/data?filters=areaType%3Dltla%3BareaName%3DExeter%3Bdate%3D2021-12-06&structure=%7B%22date%22%3A%22date%22%2C%22areaName%22%3A%22areaName%22%2C%22areaCode%22%3A%22areaCode%22%2C%22newCasesByPublishDate%22%3A%22newCasesByPublishDate%22%2C%22cumCasesByPublishDate%22%3A%22cumCasesByPublishDate%22%2C%22newDeaths28DaysByDeathDate%22%3A%22newDeaths28DaysByDeathDate%22%2C%22cumDeaths28DaysByDeathDate%22%3A%22cumDeaths28DaysByDeathDate%22%7D&format=json&page=2 HTTP/1.1" 204 0
INFO: 2021-12-13 19:53:45,848 Returning the covid infection rates as a dictionary
DEBUG: 2021-12-13 19:53:45,853 Starting new HTTPS connection (1): api.coronavirus.data.gov.uk:443
DEBUG: 2021-12-13 19:53:45,931 https://api.coronavirus.data.gov.uk:443 "GET /v1/data?filters=areaType%3Dnation%3BareaName%3DEngland%3Bdate%3D2021-12-06&structure=%7B%22date%22%3A%22date%22%2C%22areaName%22%3A%22areaName%22%2C%22areaCode%22%3A%22areaCode%22%2C%22newCasesByPublishDate%22%3A%22newCasesByPublishDate%22%2C%22cumCasesByPublishDate%22%3A%22cumCasesByPublishDate%22%2C%22newDeaths28DaysByDeathDate%22%3A%22newDeaths28DaysByDeathDate%22%2C%22cumDeaths28DaysByDeathDate%22%3A%22cumDeaths28DaysByDeathDate%22%7D&format=json&page=1 HTTP/1.1" 200 None
DEBUG: 2021-12-13 19:53:45,939 Starting new HTTPS connection (1): api.coronavirus.data.gov.uk:443
DEBUG: 2021-12-13 19:53:46,006 https://api.coronavirus.data.gov.uk:443 "GET /v1/data?filters=areaType%3Dnation%3BareaName%3DEngland%3Bdate%3D2021-12-06&structure=%7B%22date%22%3A%22date%22%2C%22areaName%22%3A%22areaName%22%2C%22areaCode%22%3A%22areaCode%22%2C%22newCasesByPublishDate%22%3A%22newCasesByPublishDate%22%2C%22cumCasesByPublishDate%22%3A%22cumCasesByPublishDate%22%2C%22newDeaths28DaysByDeathDate%22%3A%22newDeaths28DaysByDeathDate%22%2C%22cumDeaths28DaysByDeathDate%22%3A%22cumDeaths28DaysByDeathDate%22%7D&format=json&page=2 HTTP/1.1" 204 0
INFO: 2021-12-13 19:53:46,009 Returning the covid infection rates as a dictionary
INFO: 2021-12-13 19:53:46,010 Taking csv data and returning it
ERROR: 2021-12-13 19:53:46,020 couldn't return data (process_covid_csv_data)
DEBUG: 2021-12-13 19:55:42,293 Starting new HTTPS connection (1): api.coronavirus.data.gov.uk:443
DEBUG: 2021-12-13 19:55:42,438 https://api.coronavirus.data.gov.uk:443 "GET /v1/data?filters=areaType%3Dltla%3BareaName%3DExeter%3Bdate%3D2021-12-06&structure=%7B%22date%22%3A%22date%22%2C%22areaName%22%3A%22areaName%22%2C%22areaCode%22%3A%22areaCode%22%2C%22newCasesByPublishDate%22%3A%22newCasesByPublishDate%22%2C%22cumCasesByPublishDate%22%3A%22cumCasesByPublishDate%22%2C%22newDeaths28DaysByDeathDate%22%3A%22newDeaths28DaysByDeathDate%22%2C%22cumDeaths28DaysByDeathDate%22%3A%22cumDeaths28DaysByDeathDate%22%7D&format=json&page=1 HTTP/1.1" 200 None
DEBUG: 2021-12-13 19:55:42,454 Starting new HTTPS connection (1): api.coronavirus.data.gov.uk:443
DEBUG: 2021-12-13 19:55:42,530 https://api.coronavirus.data.gov.uk:443 "GET /v1/data?filters=areaType%3Dltla%3BareaName%3DExeter%3Bdate%3D2021-12-06&structure=%7B%22date%22%3A%22date%22%2C%22areaName%22%3A%22areaName%22%2C%22areaCode%22%3A%22areaCode%22%2C%22newCasesByPublishDate%22%3A%22newCasesByPublishDate%22%2C%22cumCasesByPublishDate%22%3A%22cumCasesByPublishDate%22%2C%22newDeaths28DaysByDeathDate%22%3A%22newDeaths28DaysByDeathDate%22%2C%22cumDeaths28DaysByDeathDate%22%3A%22cumDeaths28DaysByDeathDate%22%7D&format=json&page=2 HTTP/1.1" 204 0
INFO: 2021-12-13 19:55:42,538 Returning the covid infection rates as a dictionary
DEBUG: 2021-12-13 19:55:42,544 Starting new HTTPS connection (1): api.coronavirus.data.gov.uk:443
DEBUG: 2021-12-13 19:55:42,620 https://api.coronavirus.data.gov.uk:443 "GET /v1/data?filters=areaType%3Dnation%3BareaName%3DEngland%3Bdate%3D2021-12-06&structure=%7B%22date%22%3A%22date%22%2C%22areaName%22%3A%22areaName%22%2C%22areaCode%22%3A%22areaCode%22%2C%22newCasesByPublishDate%22%3A%22newCasesByPublishDate%22%2C%22cumCasesByPublishDate%22%3A%22cumCasesByPublishDate%22%2C%22newDeaths28DaysByDeathDate%22%3A%22newDeaths28DaysByDeathDate%22%2C%22cumDeaths28DaysByDeathDate%22%3A%22cumDeaths28DaysByDeathDate%22%7D&format=json&page=1 HTTP/1.1" 200 None
DEBUG: 2021-12-13 19:55:42,630 Starting new HTTPS connection (1): api.coronavirus.data.gov.uk:443
DEBUG: 2021-12-13 19:55:42,945 https://api.coronavirus.data.gov.uk:443 "GET /v1/data?filters=areaType%3Dnation%3BareaName%3DEngland%3Bdate%3D2021-12-06&structure=%7B%22date%22%3A%22date%22%2C%22areaName%22%3A%22areaName%22%2C%22areaCode%22%3A%22areaCode%22%2C%22newCasesByPublishDate%22%3A%22newCasesByPublishDate%22%2C%22cumCasesByPublishDate%22%3A%22cumCasesByPublishDate%22%2C%22newDeaths28DaysByDeathDate%22%3A%22newDeaths28DaysByDeathDate%22%2C%22cumDeaths28DaysByDeathDate%22%3A%22cumDeaths28DaysByDeathDate%22%7D&format=json&page=2 HTTP/1.1" 204 0
INFO: 2021-12-13 19:55:42,946 Returning the covid infection rates as a dictionary
INFO: 2021-12-13 19:55:42,948 Taking csv data and returning it
ERROR: 2021-12-13 19:55:42,948 couldn't return data (process_covid_csv_data)
DEBUG: 2021-12-13 19:56:00,179 Starting new HTTPS connection (1): api.coronavirus.data.gov.uk:443
DEBUG: 2021-12-13 19:56:00,277 https://api.coronavirus.data.gov.uk:443 "GET /v1/data?filters=areaType%3Dltla%3BareaName%3DExeter%3Bdate%3D2021-12-06&structure=%7B%22date%22%3A%22date%22%2C%22areaName%22%3A%22areaName%22%2C%22areaCode%22%3A%22areaCode%22%2C%22newCasesByPublishDate%22%3A%22newCasesByPublishDate%22%2C%22cumCasesByPublishDate%22%3A%22cumCasesByPublishDate%22%2C%22newDeaths28DaysByDeathDate%22%3A%22newDeaths28DaysByDeathDate%22%2C%22cumDeaths28DaysByDeathDate%22%3A%22cumDeaths28DaysByDeathDate%22%7D&format=json&page=1 HTTP/1.1" 200 None
DEBUG: 2021-12-13 19:56:00,285 Starting new HTTPS connection (1): api.coronavirus.data.gov.uk:443
DEBUG: 2021-12-13 19:56:00,362 https://api.coronavirus.data.gov.uk:443 "GET /v1/data?filters=areaType%3Dltla%3BareaName%3DExeter%3Bdate%3D2021-12-06&structure=%7B%22date%22%3A%22date%22%2C%22areaName%22%3A%22areaName%22%2C%22areaCode%22%3A%22areaCode%22%2C%22newCasesByPublishDate%22%3A%22newCasesByPublishDate%22%2C%22cumCasesByPublishDate%22%3A%22cumCasesByPublishDate%22%2C%22newDeaths28DaysByDeathDate%22%3A%22newDeaths28DaysByDeathDate%22%2C%22cumDeaths28DaysByDeathDate%22%3A%22cumDeaths28DaysByDeathDate%22%7D&format=json&page=2 HTTP/1.1" 204 0
INFO: 2021-12-13 19:56:00,371 Returning the covid infection rates as a dictionary
DEBUG: 2021-12-13 19:56:00,376 Starting new HTTPS connection (1): api.coronavirus.data.gov.uk:443
DEBUG: 2021-12-13 19:56:00,461 https://api.coronavirus.data.gov.uk:443 "GET /v1/data?filters=areaType%3Dnation%3BareaName%3DEngland%3Bdate%3D2021-12-06&structure=%7B%22date%22%3A%22date%22%2C%22areaName%22%3A%22areaName%22%2C%22areaCode%22%3A%22areaCode%22%2C%22newCasesByPublishDate%22%3A%22newCasesByPublishDate%22%2C%22cumCasesByPublishDate%22%3A%22cumCasesByPublishDate%22%2C%22newDeaths28DaysByDeathDate%22%3A%22newDeaths28DaysByDeathDate%22%2C%22cumDeaths28DaysByDeathDate%22%3A%22cumDeaths28DaysByDeathDate%22%7D&format=json&page=1 HTTP/1.1" 200 None
DEBUG: 2021-12-13 19:56:00,469 Starting new HTTPS connection (1): api.coronavirus.data.gov.uk:443
DEBUG: 2021-12-13 19:56:00,543 https://api.coronavirus.data.gov.uk:443 "GET /v1/data?filters=areaType%3Dnation%3BareaName%3DEngland%3Bdate%3D2021-12-06&structure=%7B%22date%22%3A%22date%22%2C%22areaName%22%3A%22areaName%22%2C%22areaCode%22%3A%22areaCode%22%2C%22newCasesByPublishDate%22%3A%22newCasesByPublishDate%22%2C%22cumCasesByPublishDate%22%3A%22cumCasesByPublishDate%22%2C%22newDeaths28DaysByDeathDate%22%3A%22newDeaths28DaysByDeathDate%22%2C%22cumDeaths28DaysByDeathDate%22%3A%22cumDeaths28DaysByDeathDate%22%7D&format=json&page=2 HTTP/1.1" 204 0
INFO: 2021-12-13 19:56:00,545 Returning the covid infection rates as a dictionary
INFO: 2021-12-13 19:56:00,547 Taking csv data and returning it
INFO: 2021-12-13 19:56:00,547 Processing the scv data
DEBUG: 2021-12-13 21:34:31,020 Starting new HTTPS connection (1): api.coronavirus.data.gov.uk:443
DEBUG: 2021-12-13 21:34:31,179 https://api.coronavirus.data.gov.uk:443 "GET /v1/data?filters=areaType%3Dltla%3BareaName%3DExeter%3Bdate%3D2021-12-06&structure=%7B%22date%22%3A%22date%22%2C%22areaName%22%3A%22areaName%22%2C%22areaCode%22%3A%22areaCode%22%2C%22newCasesByPublishDate%22%3A%22newCasesByPublishDate%22%2C%22cumCasesByPublishDate%22%3A%22cumCasesByPublishDate%22%2C%22newDeaths28DaysByDeathDate%22%3A%22newDeaths28DaysByDeathDate%22%2C%22cumDeaths28DaysByDeathDate%22%3A%22cumDeaths28DaysByDeathDate%22%7D&format=json&page=1 HTTP/1.1" 200 None
DEBUG: 2021-12-13 21:34:31,189 Starting new HTTPS connection (1): api.coronavirus.data.gov.uk:443
DEBUG: 2021-12-13 21:34:31,383 https://api.coronavirus.data.gov.uk:443 "GET /v1/data?filters=areaType%3Dltla%3BareaName%3DExeter%3Bdate%3D2021-12-06&structure=%7B%22date%22%3A%22date%22%2C%22areaName%22%3A%22areaName%22%2C%22areaCode%22%3A%22areaCode%22%2C%22newCasesByPublishDate%22%3A%22newCasesByPublishDate%22%2C%22cumCasesByPublishDate%22%3A%22cumCasesByPublishDate%22%2C%22newDeaths28DaysByDeathDate%22%3A%22newDeaths28DaysByDeathDate%22%2C%22cumDeaths28DaysByDeathDate%22%3A%22cumDeaths28DaysByDeathDate%22%7D&format=json&page=2 HTTP/1.1" 204 0
INFO: 2021-12-13 21:34:31,391 Returning the covid infection rates as a dictionary
DEBUG: 2021-12-13 21:34:31,397 Starting new HTTPS connection (1): api.coronavirus.data.gov.uk:443
DEBUG: 2021-12-13 21:34:31,497 https://api.coronavirus.data.gov.uk:443 "GET /v1/data?filters=areaType%3Dnation%3BareaName%3DEngland%3Bdate%3D2021-12-06&structure=%7B%22date%22%3A%22date%22%2C%22areaName%22%3A%22areaName%22%2C%22areaCode%22%3A%22areaCode%22%2C%22newCasesByPublishDate%22%3A%22newCasesByPublishDate%22%2C%22cumCasesByPublishDate%22%3A%22cumCasesByPublishDate%22%2C%22newDeaths28DaysByDeathDate%22%3A%22newDeaths28DaysByDeathDate%22%2C%22cumDeaths28DaysByDeathDate%22%3A%22cumDeaths28DaysByDeathDate%22%7D&format=json&page=1 HTTP/1.1" 200 None
DEBUG: 2021-12-13 21:34:31,506 Starting new HTTPS connection (1): api.coronavirus.data.gov.uk:443
DEBUG: 2021-12-13 21:34:31,713 https://api.coronavirus.data.gov.uk:443 "GET /v1/data?filters=areaType%3Dnation%3BareaName%3DEngland%3Bdate%3D2021-12-06&structure=%7B%22date%22%3A%22date%22%2C%22areaName%22%3A%22areaName%22%2C%22areaCode%22%3A%22areaCode%22%2C%22newCasesByPublishDate%22%3A%22newCasesByPublishDate%22%2C%22cumCasesByPublishDate%22%3A%22cumCasesByPublishDate%22%2C%22newDeaths28DaysByDeathDate%22%3A%22newDeaths28DaysByDeathDate%22%2C%22cumDeaths28DaysByDeathDate%22%3A%22cumDeaths28DaysByDeathDate%22%7D&format=json&page=2 HTTP/1.1" 204 0
INFO: 2021-12-13 21:34:31,715 Returning the covid infection rates as a dictionary
INFO: 2021-12-13 21:34:31,725 Taking csv data and returning it
INFO: 2021-12-13 21:34:31,726 Processing the scv data
DEBUG: 2021-12-13 21:34:31,739 Starting new HTTPS connection (1): newsapi.org:443
DEBUG: 2021-12-13 21:34:32,119 https://newsapi.org:443 "GET /v2/everything?apiKey=7ae699a798ac44d9b7f3665d19fe621a&q=Covid%20COVID-19%20coronavirus HTTP/1.1" 200 None
INFO: 2021-12-13 21:34:32,130 The news articles were extracted from the API
INFO: 2021-12-13 21:34:32,140  * Running on http://127.0.0.1:5000/ (Press CTRL+C to quit)
