DEBUG: 2021-12-16 11:00:43,344 Starting new HTTPS connection (1): api.coronavirus.data.gov.uk:443
DEBUG: 2021-12-16 11:00:43,706 https://api.coronavirus.data.gov.uk:443 "GET /v1/data?filters=areaType%3Dltla%3BareaName%3DExeter%3Bdate%3D2021-12-09&structure=%7B%22date%22%3A%22date%22%2C%22areaName%22%3A%22areaName%22%2C%22areaCode%22%3A%22areaCode%22%2C%22newCasesByPublishDate%22%3A%22newCasesByPublishDate%22%2C%22cumCasesByPublishDate%22%3A%22cumCasesByPublishDate%22%2C%22newDeaths28DaysByDeathDate%22%3A%22newDeaths28DaysByDeathDate%22%2C%22cumDeaths28DaysByDeathDate%22%3A%22cumDeaths28DaysByDeathDate%22%7D&format=json&page=1 HTTP/1.1" 200 None
DEBUG: 2021-12-16 11:00:43,715 Starting new HTTPS connection (1): api.coronavirus.data.gov.uk:443
DEBUG: 2021-12-16 11:00:43,993 https://api.coronavirus.data.gov.uk:443 "GET /v1/data?filters=areaType%3Dltla%3BareaName%3DExeter%3Bdate%3D2021-12-09&structure=%7B%22date%22%3A%22date%22%2C%22areaName%22%3A%22areaName%22%2C%22areaCode%22%3A%22areaCode%22%2C%22newCasesByPublishDate%22%3A%22newCasesByPublishDate%22%2C%22cumCasesByPublishDate%22%3A%22cumCasesByPublishDate%22%2C%22newDeaths28DaysByDeathDate%22%3A%22newDeaths28DaysByDeathDate%22%2C%22cumDeaths28DaysByDeathDate%22%3A%22cumDeaths28DaysByDeathDate%22%7D&format=json&page=2 HTTP/1.1" 204 0
INFO: 2021-12-16 11:00:44,002 Returning the covid infection rates as a dictionary
DEBUG: 2021-12-16 11:00:44,008 Starting new HTTPS connection (1): api.coronavirus.data.gov.uk:443
DEBUG: 2021-12-16 11:00:44,312 https://api.coronavirus.data.gov.uk:443 "GET /v1/data?filters=areaType%3Dnation%3BareaName%3DEngland%3Bdate%3D2021-12-09&structure=%7B%22date%22%3A%22date%22%2C%22areaName%22%3A%22areaName%22%2C%22areaCode%22%3A%22areaCode%22%2C%22newCasesByPublishDate%22%3A%22newCasesByPublishDate%22%2C%22cumCasesByPublishDate%22%3A%22cumCasesByPublishDate%22%2C%22newDeaths28DaysByDeathDate%22%3A%22newDeaths28DaysByDeathDate%22%2C%22cumDeaths28DaysByDeathDate%22%3A%22cumDeaths28DaysByDeathDate%22%7D&format=json&page=1 HTTP/1.1" 200 None
DEBUG: 2021-12-16 11:00:44,321 Starting new HTTPS connection (1): api.coronavirus.data.gov.uk:443
DEBUG: 2021-12-16 11:00:44,636 https://api.coronavirus.data.gov.uk:443 "GET /v1/data?filters=areaType%3Dnation%3BareaName%3DEngland%3Bdate%3D2021-12-09&structure=%7B%22date%22%3A%22date%22%2C%22areaName%22%3A%22areaName%22%2C%22areaCode%22%3A%22areaCode%22%2C%22newCasesByPublishDate%22%3A%22newCasesByPublishDate%22%2C%22cumCasesByPublishDate%22%3A%22cumCasesByPublishDate%22%2C%22newDeaths28DaysByDeathDate%22%3A%22newDeaths28DaysByDeathDate%22%2C%22cumDeaths28DaysByDeathDate%22%3A%22cumDeaths28DaysByDeathDate%22%7D&format=json&page=2 HTTP/1.1" 204 0
INFO: 2021-12-16 11:00:44,639 Returning the covid infection rates as a dictionary
INFO: 2021-12-17 10:47:32,663 Running covid_API_request
DEBUG: 2021-12-17 10:47:32,672 Starting new HTTPS connection (1): api.coronavirus.data.gov.uk:443
DEBUG: 2021-12-17 10:47:32,867 https://api.coronavirus.data.gov.uk:443 "GET /v1/data?filters=areaType%3Dltla%3BareaName%3DExeter%3Bdate%3D2021-12-10&structure=%7B%22date%22%3A%22date%22%2C%22areaName%22%3A%22areaName%22%2C%22areaCode%22%3A%22areaCode%22%2C%22hospitalCases%22%3A%22hospitalCases%22%2C%22newCasesByPublishDate%22%3A%22newCasesByPublishDate%22%2C%22cumDeaths28DaysByDeathDate%22%3A%22cumDeaths28DaysByDeathDate%22%7D&format=json&page=1 HTTP/1.1" 200 None
DEBUG: 2021-12-17 10:47:32,875 Starting new HTTPS connection (1): api.coronavirus.data.gov.uk:443
DEBUG: 2021-12-17 10:47:33,150 https://api.coronavirus.data.gov.uk:443 "GET /v1/data?filters=areaType%3Dltla%3BareaName%3DExeter%3Bdate%3D2021-12-10&structure=%7B%22date%22%3A%22date%22%2C%22areaName%22%3A%22areaName%22%2C%22areaCode%22%3A%22areaCode%22%2C%22hospitalCases%22%3A%22hospitalCases%22%2C%22newCasesByPublishDate%22%3A%22newCasesByPublishDate%22%2C%22cumDeaths28DaysByDeathDate%22%3A%22cumDeaths28DaysByDeathDate%22%7D&format=json&page=2 HTTP/1.1" 204 0
INFO: 2021-12-17 10:47:33,158 Returning the covid infection rates as a dictionary
INFO: 2021-12-17 10:47:33,158 Running covid_API_request
DEBUG: 2021-12-17 10:47:33,163 Starting new HTTPS connection (1): api.coronavirus.data.gov.uk:443
DEBUG: 2021-12-17 10:47:33,445 https://api.coronavirus.data.gov.uk:443 "GET /v1/data?filters=areaType%3Dnation%3BareaName%3DEngland%3Bdate%3D2021-12-10&structure=%7B%22date%22%3A%22date%22%2C%22areaName%22%3A%22areaName%22%2C%22areaCode%22%3A%22areaCode%22%2C%22hospitalCases%22%3A%22hospitalCases%22%2C%22newCasesByPublishDate%22%3A%22newCasesByPublishDate%22%2C%22cumDeaths28DaysByDeathDate%22%3A%22cumDeaths28DaysByDeathDate%22%7D&format=json&page=1 HTTP/1.1" 200 None
DEBUG: 2021-12-17 10:47:33,455 Starting new HTTPS connection (1): api.coronavirus.data.gov.uk:443
DEBUG: 2021-12-17 10:47:33,768 https://api.coronavirus.data.gov.uk:443 "GET /v1/data?filters=areaType%3Dnation%3BareaName%3DEngland%3Bdate%3D2021-12-10&structure=%7B%22date%22%3A%22date%22%2C%22areaName%22%3A%22areaName%22%2C%22areaCode%22%3A%22areaCode%22%2C%22hospitalCases%22%3A%22hospitalCases%22%2C%22newCasesByPublishDate%22%3A%22newCasesByPublishDate%22%2C%22cumDeaths28DaysByDeathDate%22%3A%22cumDeaths28DaysByDeathDate%22%7D&format=json&page=2 HTTP/1.1" 204 0
INFO: 2021-12-17 10:47:33,772 Returning the covid infection rates as a dictionary
INFO: 2021-12-17 10:47:33,772 Running covid_API_request
DEBUG: 2021-12-17 10:47:33,777 Starting new HTTPS connection (1): api.coronavirus.data.gov.uk:443
DEBUG: 2021-12-17 10:47:33,912 https://api.coronavirus.data.gov.uk:443 "GET /v1/data?filters=areaType%3Dnation%3BareaName%3DEngland%3Bdate%3D2021-12-10&structure=%7B%22date%22%3A%22date%22%2C%22areaName%22%3A%22areaName%22%2C%22areaCode%22%3A%22areaCode%22%2C%22hospitalCases%22%3A%22hospitalCases%22%2C%22newCasesByPublishDate%22%3A%22newCasesByPublishDate%22%2C%22cumDeaths28DaysByDeathDate%22%3A%22cumDeaths28DaysByDeathDate%22%7D&format=json&page=1 HTTP/1.1" 200 None
DEBUG: 2021-12-17 10:47:33,919 Starting new HTTPS connection (1): api.coronavirus.data.gov.uk:443
DEBUG: 2021-12-17 10:47:34,096 https://api.coronavirus.data.gov.uk:443 "GET /v1/data?filters=areaType%3Dnation%3BareaName%3DEngland%3Bdate%3D2021-12-10&structure=%7B%22date%22%3A%22date%22%2C%22areaName%22%3A%22areaName%22%2C%22areaCode%22%3A%22areaCode%22%2C%22hospitalCases%22%3A%22hospitalCases%22%2C%22newCasesByPublishDate%22%3A%22newCasesByPublishDate%22%2C%22cumDeaths28DaysByDeathDate%22%3A%22cumDeaths28DaysByDeathDate%22%7D&format=json&page=2 HTTP/1.1" 204 0
INFO: 2021-12-17 10:47:34,099 Returning the covid infection rates as a dictionary
INFO: 2021-12-17 10:47:34,099 Running covid_API_request
DEBUG: 2021-12-17 10:47:34,104 Starting new HTTPS connection (1): api.coronavirus.data.gov.uk:443
DEBUG: 2021-12-17 10:47:34,275 https://api.coronavirus.data.gov.uk:443 "GET /v1/data?filters=areaType%3Dnation%3BareaName%3DEngland%3Bdate%3D2021-12-10&structure=%7B%22date%22%3A%22date%22%2C%22areaName%22%3A%22areaName%22%2C%22areaCode%22%3A%22areaCode%22%2C%22hospitalCases%22%3A%22hospitalCases%22%2C%22newCasesByPublishDate%22%3A%22newCasesByPublishDate%22%2C%22cumDeaths28DaysByDeathDate%22%3A%22cumDeaths28DaysByDeathDate%22%7D&format=json&page=1 HTTP/1.1" 200 None
DEBUG: 2021-12-17 10:47:34,284 Starting new HTTPS connection (1): api.coronavirus.data.gov.uk:443
DEBUG: 2021-12-17 10:47:34,422 https://api.coronavirus.data.gov.uk:443 "GET /v1/data?filters=areaType%3Dnation%3BareaName%3DEngland%3Bdate%3D2021-12-10&structure=%7B%22date%22%3A%22date%22%2C%22areaName%22%3A%22areaName%22%2C%22areaCode%22%3A%22areaCode%22%2C%22hospitalCases%22%3A%22hospitalCases%22%2C%22newCasesByPublishDate%22%3A%22newCasesByPublishDate%22%2C%22cumDeaths28DaysByDeathDate%22%3A%22cumDeaths28DaysByDeathDate%22%7D&format=json&page=2 HTTP/1.1" 204 0
INFO: 2021-12-17 10:47:34,426 Returning the covid infection rates as a dictionary
